#
# A fatal error has been detected by the Java Runtime Environment:
#
#  SIGFPE (0x8) at pc=0x000000011783c148, pid=3177, tid=174339
#
# JRE version: OpenJDK Runtime Environment (15.0.2+7) (build 15.0.2+7-27)
# Java VM: OpenJDK 64-Bit Server VM (15.0.2+7-27, mixed mode, tiered, compressed oops, g1 gc, bsd-amd64)
# Problematic frame:
# j  model.Player.findWinPerc()I+0
#
# No core dump will be written. Core dumps have been disabled. To enable core dumping, try "ulimit -c unlimited" before starting Java again
#
# If you would like to submit a bug report, please visit:
#   https://bugreport.java.com/bugreport/crash.jsp
#

---------------  S U M M A R Y ------------

Command Line: -Dfile.encoding=UTF-8 -XX:+ShowCodeDetailsInExceptionMessages app.TicTacToe

Host: MacBookPro17,1 x86_64 2400 MHz, 8 cores, 16G, Darwin 20.3.0
Time: Sat Apr 24 23:23:02 2021 EEST elapsed time: 3.528510 seconds (0d 0h 0m 3s)

---------------  T H R E A D  ---------------

Current thread (0x00007fa0f8a9ce00):  JavaThread "AWT-EventQueue-0" [_thread_in_Java, id=174339, stack(0x000000030f6a0000,0x000000030f7a0000)]

Stack: [0x000000030f6a0000,0x000000030f7a0000],  sp=0x000000030f79ea78,  free space=1018k
Native frames: (J=compiled Java code, A=aot compiled Java code, j=interpreted, Vv=VM code, C=native code)
j  model.Player.findWinPerc()I+0
j  model.GameModel.getPlayerStats(Lmodel/Player;)Ljava/lang/String;+60
j  view.PlayerPanel.changePlayer()V+194
j  view.PlayerPanel.lambda$0(Ljava/awt/event/ActionEvent;)V+1
j  view.PlayerPanel$$Lambda$110+0x000000080006df18.actionPerformed(Ljava/awt/event/ActionEvent;)V+5
j  javax.swing.AbstractButton.fireActionPerformed(Ljava/awt/event/ActionEvent;)V+84 java.desktop@15.0.2
j  javax.swing.AbstractButton$Handler.actionPerformed(Ljava/awt/event/ActionEvent;)V+5 java.desktop@15.0.2
j  javax.swing.DefaultButtonModel.fireActionPerformed(Ljava/awt/event/ActionEvent;)V+34 java.desktop@15.0.2
j  javax.swing.DefaultButtonModel.setPressed(Z)V+117 java.desktop@15.0.2
j  javax.swing.plaf.basic.BasicButtonListener.mouseReleased(Ljava/awt/event/MouseEvent;)V+35 java.desktop@15.0.2
j  java.awt.Component.processMouseEvent(Ljava/awt/event/MouseEvent;)V+64 java.desktop@15.0.2
j  javax.swing.JComponent.processMouseEvent(Ljava/awt/event/MouseEvent;)V+23 java.desktop@15.0.2
j  java.awt.Component.processEvent(Ljava/awt/AWTEvent;)V+81 java.desktop@15.0.2
j  java.awt.Container.processEvent(Ljava/awt/AWTEvent;)V+18 java.desktop@15.0.2
j  java.awt.Component.dispatchEventImpl(Ljava/awt/AWTEvent;)V+496 java.desktop@15.0.2
J 958 c1 java.awt.Container.dispatchEventImpl(Ljava/awt/AWTEvent;)V java.desktop@15.0.2 (129 bytes) @ 0x0000000117f1acfc [0x0000000117f1abc0+0x000000000000013c]
J 957 c1 java.awt.Component.dispatchEvent(Ljava/awt/AWTEvent;)V java.desktop@15.0.2 (6 bytes) @ 0x0000000117f1a81c [0x0000000117f1a720+0x00000000000000fc]
j  java.awt.LightweightDispatcher.retargetMouseEvent(Ljava/awt/Component;ILjava/awt/event/MouseEvent;)V+349 java.desktop@15.0.2
j  java.awt.LightweightDispatcher.processMouseEvent(Ljava/awt/event/MouseEvent;)Z+155 java.desktop@15.0.2
j  java.awt.LightweightDispatcher.dispatchEvent(Ljava/awt/AWTEvent;)Z+50 java.desktop@15.0.2
J 958 c1 java.awt.Container.dispatchEventImpl(Ljava/awt/AWTEvent;)V java.desktop@15.0.2 (129 bytes) @ 0x0000000117f1ac9c [0x0000000117f1abc0+0x00000000000000dc]
j  java.awt.Window.dispatchEventImpl(Ljava/awt/AWTEvent;)V+19 java.desktop@15.0.2
J 957 c1 java.awt.Component.dispatchEvent(Ljava/awt/AWTEvent;)V java.desktop@15.0.2 (6 bytes) @ 0x0000000117f1a81c [0x0000000117f1a720+0x00000000000000fc]
j  java.awt.EventQueue.dispatchEventImpl(Ljava/awt/AWTEvent;Ljava/lang/Object;)V+41 java.desktop@15.0.2
j  java.awt.EventQueue$4.run()Ljava/lang/Void;+32 java.desktop@15.0.2
J 933 c1 java.awt.EventQueue$4.run()Ljava/lang/Object; java.desktop@15.0.2 (5 bytes) @ 0x0000000117f12294 [0x0000000117f12220+0x0000000000000074]
J 908 c1 java.security.ProtectionDomain$JavaSecurityAccessImpl.doIntersectionPrivilege(Ljava/security/PrivilegedAction;Ljava/security/AccessControlContext;Ljava/security/AccessControlContext;)Ljava/lang/Object; java.base@15.0.2 (22 bytes) @ 0x0000000117f065b4 [0x0000000117f06320+0x0000000000000294]
J 932 c1 java.awt.EventQueue.dispatchEvent(Ljava/awt/AWTEvent;)V java.desktop@15.0.2 (80 bytes) @ 0x0000000117f11334 [0x0000000117f10840+0x0000000000000af4]
j  java.awt.EventDispatchThread.pumpOneEventForFilters(I)V+78 java.desktop@15.0.2
j  java.awt.EventDispatchThread.pumpEventsForFilter(ILjava/awt/Conditional;Ljava/awt/EventFilter;)V+35 java.desktop@15.0.2
j  java.awt.EventDispatchThread.pumpEventsForHierarchy(ILjava/awt/Conditional;Ljava/awt/Component;)V+11 java.desktop@15.0.2
j  java.awt.EventDispatchThread.pumpEvents(ILjava/awt/Conditional;)V+4 java.desktop@15.0.2
j  java.awt.EventDispatchThread.pumpEvents(Ljava/awt/Conditional;)V+3 java.desktop@15.0.2
j  java.awt.EventDispatchThread.run()V+9 java.desktop@15.0.2
v  ~StubRoutines::call_stub
V  [libjvm.dylib+0x4ae582]  _ZN9JavaCalls11call_helperEP9JavaValueRK12methodHandleP17JavaCallArgumentsP6Thread+0x2e2
V  [libjvm.dylib+0x4ad469]  _ZN9JavaCalls12call_virtualEP9JavaValueP5KlassP6SymbolS5_P17JavaCallArgumentsP6Thread+0x1e9
V  [libjvm.dylib+0x4ad533]  _ZN9JavaCalls12call_virtualEP9JavaValue6HandleP5KlassP6SymbolS6_P6Thread+0x63
V  [libjvm.dylib+0x558f80]  _ZL12thread_entryP10JavaThreadP6Thread+0xb0
V  [libjvm.dylib+0x99ae92]  _ZN10JavaThread17thread_main_innerEv+0xb2
V  [libjvm.dylib+0x997fa1]  _ZN6Thread8call_runEv+0x71
V  [libjvm.dylib+0x82a037]  _ZL19thread_native_entryP6Thread+0x197
C  [libsystem_pthread.dylib+0x6950]  _pthread_start+0xe0
C  [libsystem_pthread.dylib+0x247b]  thread_start+0xf


siginfo: si_signo: 8 (SIGFPE), si_code: 5 (FPE_FLTINV), si_addr: 0x000000011783c148

Register to memory mapping:

RAX=0x0 is NULL
RBX=0x000000000000006c is an unknown value
RCX=0x0 is NULL
RDX=0x0 is NULL
RSP=0x000000030f79ea78 is pointing into the stack for thread: 0x00007fa0f8a9ce00
RBP=0x000000030f79eac0 is pointing into the stack for thread: 0x00007fa0f8a9ce00
RSI=0x0000000000000003 is an unknown value
RDI=0x0000000000000003 is an unknown value
R8 ={method} {0x000000013243af70} 'findWinPerc' '()I' in 'model/Player'
R9 =0x00007fa0d94982d0 points into unknown readable memory: 0x0000000132068880 | 80 88 06 32 01 00 00 00
R10=0x000000011244e1c0: _ZN19TemplateInterpreter13_active_tableE+0x4800 in /Users/johnpantrakis/.p2/pool/plugins/org.eclipse.justj.openjdk.hotspot.jre.full.macosx.x86_64_15.0.2.v20210201-0955/jre/lib/server/libjvm.dylib at 0x0000000111800000
R11=0x0000000000000022 is an unknown value
R12=0x0 is NULL
R13=0x000000013243af5b is pointing into metadata
R14=0x000000030f79ead0 is pointing into the stack for thread: 0x00007fa0f8a9ce00
R15=0x00007fa0f8a9ce00 is a thread


Registers:
RAX=0x0000000000000000, RBX=0x000000000000006c, RCX=0x0000000000000000, RDX=0x0000000000000000
RSP=0x000000030f79ea78, RBP=0x000000030f79eac0, RSI=0x0000000000000003, RDI=0x0000000000000003
R8 =0x000000013243af70, R9 =0x00007fa0d94982d0, R10=0x000000011244e1c0, R11=0x0000000000000022
R12=0x0000000000000000, R13=0x000000013243af5b, R14=0x000000030f79ead0, R15=0x00007fa0f8a9ce00
RIP=0x000000011783c148, EFLAGS=0x0000000000000a87, ERR=0x0000000000000000
  TRAPNO=0x0000000000000000

Top of Stack: (sp=0x000000030f79ea78)
0x000000030f79ea78:   000000030f79ea78 000000013243af50
0x000000030f79ea88:   000000030f79ead0 000000013243dab8
0x000000030f79ea98:   0000000000000000 000000070f872d60
0x000000030f79eaa8:   000000013243af70 0000000000000000
0x000000030f79eab8:   000000030f79ead0 000000030f79eb28
0x000000030f79eac8:   00000001178318e0 000000070f73d7e8
0x000000030f79ead8:   000000070f230718 000000030f79eae0
0x000000030f79eae8:   00000001324348ec 000000030f79eb48
0x000000030f79eaf8:   00000001324396d8 0000000000000000
0x000000030f79eb08:   000000070fae5140 0000000132434948
0x000000030f79eb18:   000000030f79ead0 000000030f79eb40
0x000000030f79eb28:   000000030f79eba0 0000000117831c20
0x000000030f79eb38:   000000070f230718 000000070f73d7e8
0x000000030f79eb48:   000000070f86fe38 000000070faf7890
0x000000030f79eb58:   000000030f79eb58 000000013243167a
0x000000030f79eb68:   000000030f79ebd0 0000000132435b20
0x000000030f79eb78:   0000000000000000 000000070ff0cc30
0x000000030f79eb88:   00000001324316f0 000000030f79eb40
0x000000030f79eb98:   000000030f79ebd0 000000030f79ec20
0x000000030f79eba8:   0000000117831ebe 000000070f8776b8
0x000000030f79ebb8:   000000070f73e600 000000070f73e560
0x000000030f79ebc8:   000000070f73d7a8 000000070faf7890
0x000000030f79ebd8:   000000030f79ebd8 0000000132431c11
0x000000030f79ebe8:   000000030f79ec38 0000000132435b20
0x000000030f79ebf8:   0000000000000000 000000070ff0cc30
0x000000030f79ec08:   0000000132431c38 000000030f79ebd0
0x000000030f79ec18:   000000030f79ec30 000000030f79ec88
0x000000030f79ec28:   0000000117831ebe 000000070f73d750
0x000000030f79ec38:   000000070faf7890 000000030f79ec40
0x000000030f79ec48:   0000000132436675 000000030f79eca0
0x000000030f79ec58:   00000001324366f0 0000000000000000
0x000000030f79ec68:   000000070fafbe98 0000000132436680 

Instructions: (pc=0x000000011783c148)
0x000000011783c048:   84 be 27 12 01 00 00 00 6a 00 00 00 00 00 00 00
0x000000011783c058:   00 00 00 00 00 00 00 00 f3 0f 10 04 24 48 83 c4
0x000000011783c068:   08 f3 0f 59 04 24 48 83 c4 08 41 0f b6 5d 01 49
0x000000011783c078:   ff c5 49 ba c0 c9 44 12 01 00 00 00 41 ff 24 da
0x000000011783c088:   00 00 00 00 00 00 00 00 00 00 00 00 00 00 00 00
0x000000011783c098:   00 00 00 00 00 00 00 00 60 00 00 00 00 00 00 00
0x000000011783c0a8:   89 be 27 12 01 00 00 00 6b 00 00 00 00 00 00 00
0x000000011783c0b8:   00 00 00 00 00 00 00 00 f2 0f 10 04 24 48 83 c4
0x000000011783c0c8:   10 f2 0f 59 04 24 48 83 c4 10 41 0f b6 5d 01 49
0x000000011783c0d8:   ff c5 49 ba c0 d1 44 12 01 00 00 00 41 ff 24 da
0x000000011783c0e8:   00 00 00 00 00 00 00 00 00 00 00 00 00 00 00 00
0x000000011783c0f8:   00 00 00 00 00 00 00 00 60 00 00 00 00 00 00 00
0x000000011783c108:   8e be 27 12 01 00 00 00 6c 00 00 00 00 00 00 00
0x000000011783c118:   00 00 00 00 00 00 00 00 8b 04 24 48 83 c4 08 8b
0x000000011783c128:   c8 8b 04 24 48 83 c4 08 81 f8 00 00 00 80 0f 85
0x000000011783c138:   0b 00 00 00 33 d2 83 f9 ff 0f 84 03 00 00 00 99
0x000000011783c148:   f7 f9 41 0f b6 5d 01 49 ff c5 49 ba c0 b9 44 12
0x000000011783c158:   01 00 00 00 41 ff 24 da 80 00 00 00 00 00 00 00
0x000000011783c168:   93 be 27 12 01 00 00 00 6d 00 00 00 00 00 00 00
0x000000011783c178:   00 00 00 00 00 00 00 00 48 8b 04 24 48 83 c4 10
0x000000011783c188:   48 8b c8 48 8b 04 24 48 83 c4 10 48 85 c9 0f 84
0x000000011783c198:   73 9a ff ff 48 3b 05 ad a9 ab fa 0f 85 0c 00 00
0x000000011783c1a8:   00 33 d2 48 83 f9 ff 0f 84 05 00 00 00 48 99 48
0x000000011783c1b8:   f7 f9 41 0f b6 5d 01 49 ff c5 49 ba c0 c1 44 12
0x000000011783c1c8:   01 00 00 00 41 ff 24 da 00 00 00 00 00 00 00 00
0x000000011783c1d8:   00 00 00 00 00 00 00 00 60 00 00 00 00 00 00 00
0x000000011783c1e8:   98 be 27 12 01 00 00 00 6e 00 00 00 00 00 00 00
0x000000011783c1f8:   00 00 00 00 00 00 00 00 f3 0f 10 04 24 48 83 c4
0x000000011783c208:   08 0f 28 c8 f3 0f 10 04 24 48 83 c4 08 f3 0f 5e
0x000000011783c218:   c1 41 0f b6 5d 01 49 ff c5 49 ba c0 c9 44 12 01
0x000000011783c228:   00 00 00 41 ff 24 da 90 00 00 00 00 00 00 00 00
0x000000011783c238:   00 00 00 00 00 00 00 00 60 00 00 00 00 00 00 00 


Stack slot to memory mapping:
stack at sp + 0 slots: 0x000000030f79ea78 is pointing into the stack for thread: 0x00007fa0f8a9ce00
stack at sp + 1 slots: 0x000000013243af50 is pointing into metadata
stack at sp + 2 slots: 0x000000030f79ead0 is pointing into the stack for thread: 0x00007fa0f8a9ce00
stack at sp + 3 slots: 0x000000013243dab8 is pointing into metadata
stack at sp + 4 slots: 0x0 is NULL
stack at sp + 5 slots: 0x000000070f872d60 is an oop: java.lang.Class 
{0x000000070f872d60} - klass: 'java/lang/Class'
stack at sp + 6 slots: {method} {0x000000013243af70} 'findWinPerc' '()I' in 'model/Player'
stack at sp + 7 slots: 0x0 is NULL

idiv  108 idiv  [0x000000011783c120, 0x000000011783c160]  64 bytes
[MachCode]
  0x000000011783c120: 8b04 2448 | 83c4 088b | c88b 0424 | 4883 c408 | 81f8 0000 | 0080 0f85 | 0b00 0000 | 33d2 83f9 
  0x000000011783c140: ff0f 8403 | 0000 0099 | f7f9 410f | b65d 0149 | ffc5 49ba | c0b9 4412 | 0100 0000 | 41ff 24da 
[/MachCode]

---------------  P R O C E S S  ---------------

Threads class SMR info:
_java_thread_list=0x00007fa0d9464a50, length=16, elements={
0x00007fa0f8900c00, 0x00007fa0f8914e00, 0x00007fa0f8915400, 0x00007fa0f8915a00,
0x00007fa0f8901800, 0x00007fa0f900a600, 0x00007fa0f980f000, 0x00007fa0f9811600,
0x00007fa0f8914200, 0x00007fa0f89aa000, 0x00007fa0f9055c00, 0x00007fa0f8a3be00,
0x00007fa0f98f7000, 0x00007fa0f8a9ce00, 0x00007fa0f8bcc600, 0x00007fa0f91dc000
}

Java Threads: ( => current thread )
  0x00007fa0f8900c00 JavaThread "Reference Handler" daemon [_thread_blocked, id=15875, stack(0x000000030e53f000,0x000000030e63f000)]
  0x00007fa0f8914e00 JavaThread "Finalizer" daemon [_thread_blocked, id=22531, stack(0x000000030e642000,0x000000030e742000)]
  0x00007fa0f8915400 JavaThread "Signal Dispatcher" daemon [_thread_blocked, id=24323, stack(0x000000030e853000,0x000000030e953000)]
  0x00007fa0f8915a00 JavaThread "Service Thread" daemon [_thread_blocked, id=39427, stack(0x000000030e956000,0x000000030ea56000)]
  0x00007fa0f8901800 JavaThread "C2 CompilerThread0" daemon [_thread_blocked, id=38915, stack(0x000000030ea59000,0x000000030eb59000)]
  0x00007fa0f900a600 JavaThread "C1 CompilerThread0" daemon [_thread_blocked, id=38147, stack(0x000000030eb5c000,0x000000030ec5c000)]
  0x00007fa0f980f000 JavaThread "Sweeper thread" daemon [_thread_blocked, id=37891, stack(0x000000030ec5f000,0x000000030ed5f000)]
  0x00007fa0f9811600 JavaThread "Notification Thread" daemon [_thread_blocked, id=36611, stack(0x000000030ed62000,0x000000030ee62000)]
  0x00007fa0f8914200 JavaThread "Common-Cleaner" daemon [_thread_blocked, id=36355, stack(0x000000030ef68000,0x000000030f068000)]
  0x00007fa0f89aa000 JavaThread "AppKit Thread" daemon [_thread_in_native, id=515, stack(0x000000030d5a7000,0x000000030dda7000)]
  0x00007fa0f9055c00 JavaThread "AWT-Shutdown" [_thread_blocked, id=82947, stack(0x000000030f06b000,0x000000030f16b000)]
  0x00007fa0f8a3be00 JavaThread "Java2D Queue Flusher" daemon [_thread_blocked, id=57355, stack(0x000000030f49a000,0x000000030f59a000)]
  0x00007fa0f98f7000 JavaThread "Java2D Disposer" daemon [_thread_blocked, id=61699, stack(0x000000030f59d000,0x000000030f69d000)]
=>0x00007fa0f8a9ce00 JavaThread "AWT-EventQueue-0" [_thread_in_Java, id=174339, stack(0x000000030f6a0000,0x000000030f7a0000)]
  0x00007fa0f8bcc600 JavaThread "DestroyJavaVM" [_thread_blocked, id=8707, stack(0x000000030de2a000,0x000000030df2a000)]
  0x00007fa0f91dc000 JavaThread "TimerQueue" daemon [_thread_blocked, id=166751, stack(0x000000030f7a3000,0x000000030f8a3000)]

Other Threads:
  0x00007fa0f860db90 VMThread "VM Thread" [stack: 0x000000030e43c000,0x000000030e53c000] [id=15115]
  0x00007fa0f8621ba0 WatcherThread [stack: 0x000000030ee65000,0x000000030ef65000] [id=27139]
  0x00007fa0f8426190 GCTaskThread "GC Thread#0" [stack: 0x000000030df2d000,0x000000030e02d000] [id=13827]
  0x00007fa0f8427360 ConcurrentGCThread "G1 Main Marker" [stack: 0x000000030e030000,0x000000030e130000] [id=14083]
  0x00007fa0f8428460 ConcurrentGCThread "G1 Conc#0" [stack: 0x000000030e133000,0x000000030e233000] [id=17667]
  0x00007fa0f8445070 ConcurrentGCThread "G1 Refine#0" [stack: 0x000000030e236000,0x000000030e336000] [id=17155]
  0x00007fa0f87078c0 ConcurrentGCThread "G1 Young RemSet Sampling" [stack: 0x000000030e339000,0x000000030e439000] [id=16899]

Threads with active compile tasks:

VM state: not at safepoint (normal execution)

VM Mutex/Monitor currently owned by a thread: None

Heap address: 0x0000000700000000, size: 4096 MB, Compressed Oops mode: Zero based, Oop shift amount: 3
CDS disabled.
Compressed class space mapped at: 0x0000000800000000-0x0000000840000000, size: 1073741824
Narrow klass base: 0x0000000800000000, Narrow klass shift: 0, Narrow klass range: 0x40000000

GC Precious Log:
 CPUs: 8 total, 8 available
 Memory: 16384M
 Large Page Support: Disabled
 NUMA Support: Disabled
 Compressed Oops: Enabled (Zero based)
 Heap Region Size: 2M
 Heap Min Capacity: 8M
 Heap Initial Capacity: 256M
 Heap Max Capacity: 4G
 Pre-touch: Disabled
 Parallel Workers: 8
 Concurrent Workers: 2
 Concurrent Refinement Workers: 8
 Periodic GC: Disabled

Heap:
 garbage-first heap   total 262144K, used 10240K [0x0000000700000000, 0x0000000800000000)
  region size 2048K, 7 young (14336K), 0 survivors (0K)
 Metaspace       used 18064K, capacity 18235K, committed 18432K, reserved 1064960K
  class space    used 1974K, capacity 2040K, committed 2048K, reserved 1048576K

Heap Regions: E=young(eden), S=young(survivor), O=old, HS=humongous(starts), HC=humongous(continues), CS=collection set, F=free, OA=open archive, CA=closed archive, TAMS=top-at-mark-start (previous, next)
|   0|0x0000000700000000, 0x0000000700000000, 0x0000000700200000|  0%| F|  |TAMS 0x0000000700000000, 0x0000000700000000| Untracked 
|   1|0x0000000700200000, 0x0000000700200000, 0x0000000700400000|  0%| F|  |TAMS 0x0000000700200000, 0x0000000700200000| Untracked 
|   2|0x0000000700400000, 0x0000000700400000, 0x0000000700600000|  0%| F|  |TAMS 0x0000000700400000, 0x0000000700400000| Untracked 
|   3|0x0000000700600000, 0x0000000700600000, 0x0000000700800000|  0%| F|  |TAMS 0x0000000700600000, 0x0000000700600000| Untracked 
|   4|0x0000000700800000, 0x0000000700800000, 0x0000000700a00000|  0%| F|  |TAMS 0x0000000700800000, 0x0000000700800000| Untracked 
|   5|0x0000000700a00000, 0x0000000700a00000, 0x0000000700c00000|  0%| F|  |TAMS 0x0000000700a00000, 0x0000000700a00000| Untracked 
|   6|0x0000000700c00000, 0x0000000700c00000, 0x0000000700e00000|  0%| F|  |TAMS 0x0000000700c00000, 0x0000000700c00000| Untracked 
|   7|0x0000000700e00000, 0x0000000700e00000, 0x0000000701000000|  0%| F|  |TAMS 0x0000000700e00000, 0x0000000700e00000| Untracked 
|   8|0x0000000701000000, 0x0000000701000000, 0x0000000701200000|  0%| F|  |TAMS 0x0000000701000000, 0x0000000701000000| Untracked 
|   9|0x0000000701200000, 0x0000000701200000, 0x0000000701400000|  0%| F|  |TAMS 0x0000000701200000, 0x0000000701200000| Untracked 
|  10|0x0000000701400000, 0x0000000701400000, 0x0000000701600000|  0%| F|  |TAMS 0x0000000701400000, 0x0000000701400000| Untracked 
|  11|0x0000000701600000, 0x0000000701600000, 0x0000000701800000|  0%| F|  |TAMS 0x0000000701600000, 0x0000000701600000| Untracked 
|  12|0x0000000701800000, 0x0000000701800000, 0x0000000701a00000|  0%| F|  |TAMS 0x0000000701800000, 0x0000000701800000| Untracked 
|  13|0x0000000701a00000, 0x0000000701a00000, 0x0000000701c00000|  0%| F|  |TAMS 0x0000000701a00000, 0x0000000701a00000| Untracked 
|  14|0x0000000701c00000, 0x0000000701c00000, 0x0000000701e00000|  0%| F|  |TAMS 0x0000000701c00000, 0x0000000701c00000| Untracked 
|  15|0x0000000701e00000, 0x0000000701e00000, 0x0000000702000000|  0%| F|  |TAMS 0x0000000701e00000, 0x0000000701e00000| Untracked 
|  16|0x0000000702000000, 0x0000000702000000, 0x0000000702200000|  0%| F|  |TAMS 0x0000000702000000, 0x0000000702000000| Untracked 
|  17|0x0000000702200000, 0x0000000702200000, 0x0000000702400000|  0%| F|  |TAMS 0x0000000702200000, 0x0000000702200000| Untracked 
|  18|0x0000000702400000, 0x0000000702400000, 0x0000000702600000|  0%| F|  |TAMS 0x0000000702400000, 0x0000000702400000| Untracked 
|  19|0x0000000702600000, 0x0000000702600000, 0x0000000702800000|  0%| F|  |TAMS 0x0000000702600000, 0x0000000702600000| Untracked 
|  20|0x0000000702800000, 0x0000000702800000, 0x0000000702a00000|  0%| F|  |TAMS 0x0000000702800000, 0x0000000702800000| Untracked 
|  21|0x0000000702a00000, 0x0000000702a00000, 0x0000000702c00000|  0%| F|  |TAMS 0x0000000702a00000, 0x0000000702a00000| Untracked 
|  22|0x0000000702c00000, 0x0000000702c00000, 0x0000000702e00000|  0%| F|  |TAMS 0x0000000702c00000, 0x0000000702c00000| Untracked 
|  23|0x0000000702e00000, 0x0000000702e00000, 0x0000000703000000|  0%| F|  |TAMS 0x0000000702e00000, 0x0000000702e00000| Untracked 
|  24|0x0000000703000000, 0x0000000703000000, 0x0000000703200000|  0%| F|  |TAMS 0x0000000703000000, 0x0000000703000000| Untracked 
|  25|0x0000000703200000, 0x0000000703200000, 0x0000000703400000|  0%| F|  |TAMS 0x0000000703200000, 0x0000000703200000| Untracked 
|  26|0x0000000703400000, 0x0000000703400000, 0x0000000703600000|  0%| F|  |TAMS 0x0000000703400000, 0x0000000703400000| Untracked 
|  27|0x0000000703600000, 0x0000000703600000, 0x0000000703800000|  0%| F|  |TAMS 0x0000000703600000, 0x0000000703600000| Untracked 
|  28|0x0000000703800000, 0x0000000703800000, 0x0000000703a00000|  0%| F|  |TAMS 0x0000000703800000, 0x0000000703800000| Untracked 
|  29|0x0000000703a00000, 0x0000000703a00000, 0x0000000703c00000|  0%| F|  |TAMS 0x0000000703a00000, 0x0000000703a00000| Untracked 
|  30|0x0000000703c00000, 0x0000000703c00000, 0x0000000703e00000|  0%| F|  |TAMS 0x0000000703c00000, 0x0000000703c00000| Untracked 
|  31|0x0000000703e00000, 0x0000000703e00000, 0x0000000704000000|  0%| F|  |TAMS 0x0000000703e00000, 0x0000000703e00000| Untracked 
|  32|0x0000000704000000, 0x0000000704000000, 0x0000000704200000|  0%| F|  |TAMS 0x0000000704000000, 0x0000000704000000| Untracked 
|  33|0x0000000704200000, 0x0000000704200000, 0x0000000704400000|  0%| F|  |TAMS 0x0000000704200000, 0x0000000704200000| Untracked 
|  34|0x0000000704400000, 0x0000000704400000, 0x0000000704600000|  0%| F|  |TAMS 0x0000000704400000, 0x0000000704400000| Untracked 
|  35|0x0000000704600000, 0x0000000704600000, 0x0000000704800000|  0%| F|  |TAMS 0x0000000704600000, 0x0000000704600000| Untracked 
|  36|0x0000000704800000, 0x0000000704800000, 0x0000000704a00000|  0%| F|  |TAMS 0x0000000704800000, 0x0000000704800000| Untracked 
|  37|0x0000000704a00000, 0x0000000704a00000, 0x0000000704c00000|  0%| F|  |TAMS 0x0000000704a00000, 0x0000000704a00000| Untracked 
|  38|0x0000000704c00000, 0x0000000704c00000, 0x0000000704e00000|  0%| F|  |TAMS 0x0000000704c00000, 0x0000000704c00000| Untracked 
|  39|0x0000000704e00000, 0x0000000704e00000, 0x0000000705000000|  0%| F|  |TAMS 0x0000000704e00000, 0x0000000704e00000| Untracked 
|  40|0x0000000705000000, 0x0000000705000000, 0x0000000705200000|  0%| F|  |TAMS 0x0000000705000000, 0x0000000705000000| Untracked 
|  41|0x0000000705200000, 0x0000000705200000, 0x0000000705400000|  0%| F|  |TAMS 0x0000000705200000, 0x0000000705200000| Untracked 
|  42|0x0000000705400000, 0x0000000705400000, 0x0000000705600000|  0%| F|  |TAMS 0x0000000705400000, 0x0000000705400000| Untracked 
|  43|0x0000000705600000, 0x0000000705600000, 0x0000000705800000|  0%| F|  |TAMS 0x0000000705600000, 0x0000000705600000| Untracked 
|  44|0x0000000705800000, 0x0000000705800000, 0x0000000705a00000|  0%| F|  |TAMS 0x0000000705800000, 0x0000000705800000| Untracked 
|  45|0x0000000705a00000, 0x0000000705a00000, 0x0000000705c00000|  0%| F|  |TAMS 0x0000000705a00000, 0x0000000705a00000| Untracked 
|  46|0x0000000705c00000, 0x0000000705c00000, 0x0000000705e00000|  0%| F|  |TAMS 0x0000000705c00000, 0x0000000705c00000| Untracked 
|  47|0x0000000705e00000, 0x0000000705e00000, 0x0000000706000000|  0%| F|  |TAMS 0x0000000705e00000, 0x0000000705e00000| Untracked 
|  48|0x0000000706000000, 0x0000000706000000, 0x0000000706200000|  0%| F|  |TAMS 0x0000000706000000, 0x0000000706000000| Untracked 
|  49|0x0000000706200000, 0x0000000706200000, 0x0000000706400000|  0%| F|  |TAMS 0x0000000706200000, 0x0000000706200000| Untracked 
|  50|0x0000000706400000, 0x0000000706400000, 0x0000000706600000|  0%| F|  |TAMS 0x0000000706400000, 0x0000000706400000| Untracked 
|  51|0x0000000706600000, 0x0000000706600000, 0x0000000706800000|  0%| F|  |TAMS 0x0000000706600000, 0x0000000706600000| Untracked 
|  52|0x0000000706800000, 0x0000000706800000, 0x0000000706a00000|  0%| F|  |TAMS 0x0000000706800000, 0x0000000706800000| Untracked 
|  53|0x0000000706a00000, 0x0000000706a00000, 0x0000000706c00000|  0%| F|  |TAMS 0x0000000706a00000, 0x0000000706a00000| Untracked 
|  54|0x0000000706c00000, 0x0000000706c00000, 0x0000000706e00000|  0%| F|  |TAMS 0x0000000706c00000, 0x0000000706c00000| Untracked 
|  55|0x0000000706e00000, 0x0000000706e00000, 0x0000000707000000|  0%| F|  |TAMS 0x0000000706e00000, 0x0000000706e00000| Untracked 
|  56|0x0000000707000000, 0x0000000707000000, 0x0000000707200000|  0%| F|  |TAMS 0x0000000707000000, 0x0000000707000000| Untracked 
|  57|0x0000000707200000, 0x0000000707200000, 0x0000000707400000|  0%| F|  |TAMS 0x0000000707200000, 0x0000000707200000| Untracked 
|  58|0x0000000707400000, 0x0000000707400000, 0x0000000707600000|  0%| F|  |TAMS 0x0000000707400000, 0x0000000707400000| Untracked 
|  59|0x0000000707600000, 0x0000000707600000, 0x0000000707800000|  0%| F|  |TAMS 0x0000000707600000, 0x0000000707600000| Untracked 
|  60|0x0000000707800000, 0x0000000707800000, 0x0000000707a00000|  0%| F|  |TAMS 0x0000000707800000, 0x0000000707800000| Untracked 
|  61|0x0000000707a00000, 0x0000000707a00000, 0x0000000707c00000|  0%| F|  |TAMS 0x0000000707a00000, 0x0000000707a00000| Untracked 
|  62|0x0000000707c00000, 0x0000000707c00000, 0x0000000707e00000|  0%| F|  |TAMS 0x0000000707c00000, 0x0000000707c00000| Untracked 
|  63|0x0000000707e00000, 0x0000000707e00000, 0x0000000708000000|  0%| F|  |TAMS 0x0000000707e00000, 0x0000000707e00000| Untracked 
|  64|0x0000000708000000, 0x0000000708000000, 0x0000000708200000|  0%| F|  |TAMS 0x0000000708000000, 0x0000000708000000| Untracked 
|  65|0x0000000708200000, 0x0000000708200000, 0x0000000708400000|  0%| F|  |TAMS 0x0000000708200000, 0x0000000708200000| Untracked 
|  66|0x0000000708400000, 0x0000000708400000, 0x0000000708600000|  0%| F|  |TAMS 0x0000000708400000, 0x0000000708400000| Untracked 
|  67|0x0000000708600000, 0x0000000708600000, 0x0000000708800000|  0%| F|  |TAMS 0x0000000708600000, 0x0000000708600000| Untracked 
|  68|0x0000000708800000, 0x0000000708800000, 0x0000000708a00000|  0%| F|  |TAMS 0x0000000708800000, 0x0000000708800000| Untracked 
|  69|0x0000000708a00000, 0x0000000708a00000, 0x0000000708c00000|  0%| F|  |TAMS 0x0000000708a00000, 0x0000000708a00000| Untracked 
|  70|0x0000000708c00000, 0x0000000708c00000, 0x0000000708e00000|  0%| F|  |TAMS 0x0000000708c00000, 0x0000000708c00000| Untracked 
|  71|0x0000000708e00000, 0x0000000708e00000, 0x0000000709000000|  0%| F|  |TAMS 0x0000000708e00000, 0x0000000708e00000| Untracked 
|  72|0x0000000709000000, 0x0000000709000000, 0x0000000709200000|  0%| F|  |TAMS 0x0000000709000000, 0x0000000709000000| Untracked 
|  73|0x0000000709200000, 0x0000000709200000, 0x0000000709400000|  0%| F|  |TAMS 0x0000000709200000, 0x0000000709200000| Untracked 
|  74|0x0000000709400000, 0x0000000709400000, 0x0000000709600000|  0%| F|  |TAMS 0x0000000709400000, 0x0000000709400000| Untracked 
|  75|0x0000000709600000, 0x0000000709600000, 0x0000000709800000|  0%| F|  |TAMS 0x0000000709600000, 0x0000000709600000| Untracked 
|  76|0x0000000709800000, 0x0000000709800000, 0x0000000709a00000|  0%| F|  |TAMS 0x0000000709800000, 0x0000000709800000| Untracked 
|  77|0x0000000709a00000, 0x0000000709a00000, 0x0000000709c00000|  0%| F|  |TAMS 0x0000000709a00000, 0x0000000709a00000| Untracked 
|  78|0x0000000709c00000, 0x0000000709c00000, 0x0000000709e00000|  0%| F|  |TAMS 0x0000000709c00000, 0x0000000709c00000| Untracked 
|  79|0x0000000709e00000, 0x0000000709e00000, 0x000000070a000000|  0%| F|  |TAMS 0x0000000709e00000, 0x0000000709e00000| Untracked 
|  80|0x000000070a000000, 0x000000070a000000, 0x000000070a200000|  0%| F|  |TAMS 0x000000070a000000, 0x000000070a000000| Untracked 
|  81|0x000000070a200000, 0x000000070a200000, 0x000000070a400000|  0%| F|  |TAMS 0x000000070a200000, 0x000000070a200000| Untracked 
|  82|0x000000070a400000, 0x000000070a400000, 0x000000070a600000|  0%| F|  |TAMS 0x000000070a400000, 0x000000070a400000| Untracked 
|  83|0x000000070a600000, 0x000000070a600000, 0x000000070a800000|  0%| F|  |TAMS 0x000000070a600000, 0x000000070a600000| Untracked 
|  84|0x000000070a800000, 0x000000070a800000, 0x000000070aa00000|  0%| F|  |TAMS 0x000000070a800000, 0x000000070a800000| Untracked 
|  85|0x000000070aa00000, 0x000000070aa00000, 0x000000070ac00000|  0%| F|  |TAMS 0x000000070aa00000, 0x000000070aa00000| Untracked 
|  86|0x000000070ac00000, 0x000000070ac00000, 0x000000070ae00000|  0%| F|  |TAMS 0x000000070ac00000, 0x000000070ac00000| Untracked 
|  87|0x000000070ae00000, 0x000000070ae00000, 0x000000070b000000|  0%| F|  |TAMS 0x000000070ae00000, 0x000000070ae00000| Untracked 
|  88|0x000000070b000000, 0x000000070b000000, 0x000000070b200000|  0%| F|  |TAMS 0x000000070b000000, 0x000000070b000000| Untracked 
|  89|0x000000070b200000, 0x000000070b200000, 0x000000070b400000|  0%| F|  |TAMS 0x000000070b200000, 0x000000070b200000| Untracked 
|  90|0x000000070b400000, 0x000000070b400000, 0x000000070b600000|  0%| F|  |TAMS 0x000000070b400000, 0x000000070b400000| Untracked 
|  91|0x000000070b600000, 0x000000070b600000, 0x000000070b800000|  0%| F|  |TAMS 0x000000070b600000, 0x000000070b600000| Untracked 
|  92|0x000000070b800000, 0x000000070b800000, 0x000000070ba00000|  0%| F|  |TAMS 0x000000070b800000, 0x000000070b800000| Untracked 
|  93|0x000000070ba00000, 0x000000070ba00000, 0x000000070bc00000|  0%| F|  |TAMS 0x000000070ba00000, 0x000000070ba00000| Untracked 
|  94|0x000000070bc00000, 0x000000070bc00000, 0x000000070be00000|  0%| F|  |TAMS 0x000000070bc00000, 0x000000070bc00000| Untracked 
|  95|0x000000070be00000, 0x000000070be00000, 0x000000070c000000|  0%| F|  |TAMS 0x000000070be00000, 0x000000070be00000| Untracked 
|  96|0x000000070c000000, 0x000000070c000000, 0x000000070c200000|  0%| F|  |TAMS 0x000000070c000000, 0x000000070c000000| Untracked 
|  97|0x000000070c200000, 0x000000070c200000, 0x000000070c400000|  0%| F|  |TAMS 0x000000070c200000, 0x000000070c200000| Untracked 
|  98|0x000000070c400000, 0x000000070c400000, 0x000000070c600000|  0%| F|  |TAMS 0x000000070c400000, 0x000000070c400000| Untracked 
|  99|0x000000070c600000, 0x000000070c600000, 0x000000070c800000|  0%| F|  |TAMS 0x000000070c600000, 0x000000070c600000| Untracked 
| 100|0x000000070c800000, 0x000000070c800000, 0x000000070ca00000|  0%| F|  |TAMS 0x000000070c800000, 0x000000070c800000| Untracked 
| 101|0x000000070ca00000, 0x000000070ca00000, 0x000000070cc00000|  0%| F|  |TAMS 0x000000070ca00000, 0x000000070ca00000| Untracked 
| 102|0x000000070cc00000, 0x000000070cc00000, 0x000000070ce00000|  0%| F|  |TAMS 0x000000070cc00000, 0x000000070cc00000| Untracked 
| 103|0x000000070ce00000, 0x000000070ce00000, 0x000000070d000000|  0%| F|  |TAMS 0x000000070ce00000, 0x000000070ce00000| Untracked 
| 104|0x000000070d000000, 0x000000070d000000, 0x000000070d200000|  0%| F|  |TAMS 0x000000070d000000, 0x000000070d000000| Untracked 
| 105|0x000000070d200000, 0x000000070d200000, 0x000000070d400000|  0%| F|  |TAMS 0x000000070d200000, 0x000000070d200000| Untracked 
| 106|0x000000070d400000, 0x000000070d400000, 0x000000070d600000|  0%| F|  |TAMS 0x000000070d400000, 0x000000070d400000| Untracked 
| 107|0x000000070d600000, 0x000000070d600000, 0x000000070d800000|  0%| F|  |TAMS 0x000000070d600000, 0x000000070d600000| Untracked 
| 108|0x000000070d800000, 0x000000070d800000, 0x000000070da00000|  0%| F|  |TAMS 0x000000070d800000, 0x000000070d800000| Untracked 
| 109|0x000000070da00000, 0x000000070da00000, 0x000000070dc00000|  0%| F|  |TAMS 0x000000070da00000, 0x000000070da00000| Untracked 
| 110|0x000000070dc00000, 0x000000070dc00000, 0x000000070de00000|  0%| F|  |TAMS 0x000000070dc00000, 0x000000070dc00000| Untracked 
| 111|0x000000070de00000, 0x000000070de00000, 0x000000070e000000|  0%| F|  |TAMS 0x000000070de00000, 0x000000070de00000| Untracked 
| 112|0x000000070e000000, 0x000000070e000000, 0x000000070e200000|  0%| F|  |TAMS 0x000000070e000000, 0x000000070e000000| Untracked 
| 113|0x000000070e200000, 0x000000070e200000, 0x000000070e400000|  0%| F|  |TAMS 0x000000070e200000, 0x000000070e200000| Untracked 
| 114|0x000000070e400000, 0x000000070e400000, 0x000000070e600000|  0%| F|  |TAMS 0x000000070e400000, 0x000000070e400000| Untracked 
| 115|0x000000070e600000, 0x000000070e600000, 0x000000070e800000|  0%| F|  |TAMS 0x000000070e600000, 0x000000070e600000| Untracked 
| 116|0x000000070e800000, 0x000000070e800000, 0x000000070ea00000|  0%| F|  |TAMS 0x000000070e800000, 0x000000070e800000| Untracked 
| 117|0x000000070ea00000, 0x000000070ea00000, 0x000000070ec00000|  0%| F|  |TAMS 0x000000070ea00000, 0x000000070ea00000| Untracked 
| 118|0x000000070ec00000, 0x000000070ec00000, 0x000000070ee00000|  0%| F|  |TAMS 0x000000070ec00000, 0x000000070ec00000| Untracked 
| 119|0x000000070ee00000, 0x000000070ee00000, 0x000000070f000000|  0%| F|  |TAMS 0x000000070ee00000, 0x000000070ee00000| Untracked 
| 120|0x000000070f000000, 0x000000070f000000, 0x000000070f200000|  0%| F|  |TAMS 0x000000070f000000, 0x000000070f000000| Untracked 
| 121|0x000000070f200000, 0x000000070f286158, 0x000000070f400000| 26%| E|  |TAMS 0x000000070f200000, 0x000000070f200000| Complete 
| 122|0x000000070f400000, 0x000000070f600000, 0x000000070f600000|100%| E|CS|TAMS 0x000000070f400000, 0x000000070f400000| Complete 
| 123|0x000000070f600000, 0x000000070f800000, 0x000000070f800000|100%| E|CS|TAMS 0x000000070f600000, 0x000000070f600000| Complete 
| 124|0x000000070f800000, 0x000000070fa00000, 0x000000070fa00000|100%| E|  |TAMS 0x000000070f800000, 0x000000070f800000| Complete 
| 125|0x000000070fa00000, 0x000000070fc00000, 0x000000070fc00000|100%| E|CS|TAMS 0x000000070fa00000, 0x000000070fa00000| Complete 
| 126|0x000000070fc00000, 0x000000070fe00000, 0x000000070fe00000|100%| E|CS|TAMS 0x000000070fc00000, 0x000000070fc00000| Complete 
| 127|0x000000070fe00000, 0x0000000710000000, 0x0000000710000000|100%| E|CS|TAMS 0x000000070fe00000, 0x000000070fe00000| Complete 

Card table byte_map: [0x0000000127028000,0x0000000127828000] _byte_map_base: 0x0000000123828000

Marking Bits (Prev, Next): (CMBitMap*) 0x00007fa0f8833610, (CMBitMap*) 0x00007fa0f8833650
 Prev Bits: [0x0000000128028000, 0x000000012c028000)
 Next Bits: [0x000000012c028000, 0x0000000130028000)

Polling page: 0x0000000104d29000

Metaspace:

Usage:
  Non-class:     15.82 MB capacity,    15.71 MB (>99%) used,    82.20 KB ( <1%) free+waste,    22.56 KB ( <1%) overhead. 
      Class:      1.99 MB capacity,     1.93 MB ( 97%) used,    57.32 KB (  3%) free+waste,     8.31 KB ( <1%) overhead. 
       Both:     17.81 MB capacity,    17.64 MB (>99%) used,   139.52 KB ( <1%) free+waste,    30.88 KB ( <1%) overhead. 

Virtual space:
  Non-class space:       16.00 MB reserved,      16.00 MB (100%) committed 
      Class space:        1.00 GB reserved,       2.00 MB ( <1%) committed 
             Both:        1.02 GB reserved,      18.00 MB (  2%) committed 

Chunk freelists:
   Non-Class:  77.00 KB
       Class:  8.00 KB
        Both:  85.00 KB

MaxMetaspaceSize: 17179869184.00 GB
CompressedClassSpaceSize: 1.00 GB

CodeHeap 'non-profiled nmethods': size=120028Kb used=331Kb max_used=331Kb free=119696Kb
 bounds [0x000000011f2f1000, 0x000000011f561000, 0x0000000126828000]
CodeHeap 'profiled nmethods': size=120028Kb used=1999Kb max_used=1999Kb free=118028Kb
 bounds [0x0000000117dba000, 0x000000011802a000, 0x000000011f2f1000]
CodeHeap 'non-nmethods': size=5704Kb used=1344Kb max_used=1359Kb free=4360Kb
 bounds [0x0000000117828000, 0x0000000117a98000, 0x0000000117dba000]
 total_blobs=1898 nmethods=1236 adapters=577
 compilation: enabled
              stopped_count=0, restarted_count=0
 full_count=0

Compilation events (20 events):
Event: 3.472 Thread 0x00007fa0f900a600 1227       3       sun.lwawt.LWToolkit::postEvent (12 bytes)
Event: 3.473 Thread 0x00007fa0f900a600 nmethod 1227 0x0000000117fa7a90 code [0x0000000117fa7c80, 0x0000000117fa8280]
Event: 3.477 Thread 0x00007fa0f900a600 1228       3       java.util.LinkedList::linkLast (59 bytes)
Event: 3.477 Thread 0x00007fa0f900a600 nmethod 1228 0x0000000117fa8510 code [0x0000000117fa86c0, 0x0000000117fa8b30]
Event: 3.477 Thread 0x00007fa0f900a600 1229       3       java.util.LinkedList$Node::<init> (20 bytes)
Event: 3.477 Thread 0x00007fa0f900a600 nmethod 1229 0x0000000117fa8c90 code [0x0000000117fa8e20, 0x0000000117fa90b0]
Event: 3.478 Thread 0x00007fa0f900a600 1230       3       sun.java2d.pipe.Region::isInsideQuickCheck (57 bytes)
Event: 3.478 Thread 0x00007fa0f900a600 nmethod 1230 0x0000000117fa9190 code [0x0000000117fa9320, 0x0000000117fa9570]
Event: 3.509 Thread 0x00007fa0f900a600 1231       3       java.awt.EventQueue::coalesceMouseEvent (44 bytes)
Event: 3.509 Thread 0x00007fa0f900a600 nmethod 1231 0x0000000117fa9610 code [0x0000000117fa97e0, 0x0000000117fa9c40]
Event: 3.510 Thread 0x00007fa0f900a600 1232       3       sun.java2d.SunGraphics2D::invalidateTransform (226 bytes)
Event: 3.510 Thread 0x00007fa0f900a600 nmethod 1232 0x0000000117fa9e10 code [0x0000000117faa060, 0x0000000117faa980]
Event: 3.510 Thread 0x00007fa0f900a600 1233       3       sun.java2d.SunGraphics2D::validateBasicStroke (332 bytes)
Event: 3.511 Thread 0x00007fa0f900a600 nmethod 1233 0x0000000117faac10 code [0x0000000117faaf20, 0x0000000117fac0c0]
Event: 3.511 Thread 0x00007fa0f900a600 1234       3       sun.java2d.pipe.BufferedContext::validateContext (26 bytes)
Event: 3.511 Thread 0x00007fa0f900a600 nmethod 1234 0x0000000117fac510 code [0x0000000117fac6c0, 0x0000000117faca40]
Event: 3.522 Thread 0x00007fa0f900a600 1235       3       java.awt.Container::getListenersCount (52 bytes)
Event: 3.523 Thread 0x00007fa0f900a600 nmethod 1235 0x0000000117facc10 code [0x0000000117facde0, 0x0000000117fad1f0]
Event: 3.527 Thread 0x00007fa0f900a600 1236       3       java.awt.Font::equals (131 bytes)
Event: 3.527 Thread 0x00007fa0f900a600 nmethod 1236 0x0000000117fad310 code [0x0000000117fad520, 0x0000000117fadc40]

GC Heap History (0 events):
No events

Deoptimization events (20 events):
Event: 1.576 Thread 0x00007fa0f8a9ce00 Uncommon trap: trap_request=0xffffffde fr.pc=0x000000011f30ef08 relative=0x0000000000000188
Event: 1.576 Thread 0x00007fa0f8a9ce00 Uncommon trap: reason=class_check action=maybe_recompile pc=0x000000011f30ef08 method=java.lang.String.equals(Ljava/lang/Object;)Z @ 8 c2
Event: 1.576 Thread 0x00007fa0f8a9ce00 DEOPT PACKING pc=0x000000011f30ef08 sp=0x000000030f79dbd0
Event: 1.576 Thread 0x00007fa0f8a9ce00 DEOPT UNPACKING pc=0x0000000117875e1f sp=0x000000030f79db98 mode 2
Event: 1.636 Thread 0x00007fa0f8a9ce00 Uncommon trap: trap_request=0xffffffde fr.pc=0x000000011f30ef08 relative=0x0000000000000188
Event: 1.636 Thread 0x00007fa0f8a9ce00 Uncommon trap: reason=class_check action=maybe_recompile pc=0x000000011f30ef08 method=java.lang.String.equals(Ljava/lang/Object;)Z @ 8 c2
Event: 1.636 Thread 0x00007fa0f8a9ce00 DEOPT PACKING pc=0x000000011f30ef08 sp=0x000000030f79dbd0
Event: 1.636 Thread 0x00007fa0f8a9ce00 DEOPT UNPACKING pc=0x0000000117875e1f sp=0x000000030f79db98 mode 2
Event: 2.596 Thread 0x00007fa0f8a9ce00 Uncommon trap: trap_request=0xffffffde fr.pc=0x000000011f30ef08 relative=0x0000000000000188
Event: 2.596 Thread 0x00007fa0f8a9ce00 Uncommon trap: reason=class_check action=maybe_recompile pc=0x000000011f30ef08 method=java.lang.String.equals(Ljava/lang/Object;)Z @ 8 c2
Event: 2.596 Thread 0x00007fa0f8a9ce00 DEOPT PACKING pc=0x000000011f30ef08 sp=0x000000030f79d0c0
Event: 2.596 Thread 0x00007fa0f8a9ce00 DEOPT UNPACKING pc=0x0000000117875e1f sp=0x000000030f79d078 mode 2
Event: 2.596 Thread 0x00007fa0f8a9ce00 Uncommon trap: trap_request=0xffffffde fr.pc=0x000000011f30ef08 relative=0x0000000000000188
Event: 2.596 Thread 0x00007fa0f8a9ce00 Uncommon trap: reason=class_check action=maybe_recompile pc=0x000000011f30ef08 method=java.lang.String.equals(Ljava/lang/Object;)Z @ 8 c2
Event: 2.596 Thread 0x00007fa0f8a9ce00 DEOPT PACKING pc=0x000000011f30ef08 sp=0x000000030f79d100
Event: 2.596 Thread 0x00007fa0f8a9ce00 DEOPT UNPACKING pc=0x0000000117875e1f sp=0x000000030f79d0b8 mode 2
Event: 2.946 Thread 0x00007fa0f8a9ce00 Uncommon trap: trap_request=0xffffff45 fr.pc=0x000000011f332318 relative=0x0000000000000098
Event: 2.946 Thread 0x00007fa0f8a9ce00 Uncommon trap: reason=unstable_if action=reinterpret pc=0x000000011f332318 method=java.awt.Component.inside(II)Z @ 9 c2
Event: 2.946 Thread 0x00007fa0f8a9ce00 DEOPT PACKING pc=0x000000011f332318 sp=0x000000030f79d9e0
Event: 2.947 Thread 0x00007fa0f8a9ce00 DEOPT UNPACKING pc=0x0000000117875e1f sp=0x000000030f79d898 mode 2

Classes unloaded (0 events):
No events

Classes redefined (0 events):
No events

Internal exceptions (20 events):
Event: 0.267 Thread 0x00007fa0fa008e00 Exception <a 'java/lang/NoSuchMethodError'{0x000000070fc86e60}: 'java.lang.Object java.lang.invoke.DirectMethodHandle$Holder.invokeStatic(java.lang.Object)'> (0x000000070fc86e60) 
thrown [./open/src/hotspot/share/interpreter/linkResolver.cpp, line 782]
Event: 0.271 Thread 0x00007fa0fa008e00 Exception <a 'java/lang/NoSuchMethodError'{0x000000070fc90818}: 'java.lang.Object java.lang.invoke.DirectMethodHandle$Holder.invokeStaticInit(java.lang.Object)'> (0x000000070fc90818) 
thrown [./open/src/hotspot/share/interpreter/linkResolver.cpp, line 782]
Event: 0.301 Thread 0x00007fa0fa008e00 Exception <a 'java/lang/ClassNotFoundException'{0x000000070fcd61f0}: sun/awt/resources/spi/awtosxProvider> (0x000000070fcd61f0) 
thrown [./open/src/hotspot/share/classfile/systemDictionary.cpp, line 295]
Event: 0.542 Thread 0x00007fa0fa008e00 Exception <a 'java/lang/NoSuchMethodError'{0x000000070fd55cc8}: 'void java.lang.invoke.DirectMethodHandle$Holder.invokeStatic(java.lang.Object, java.lang.Object)'> (0x000000070fd55cc8) 
thrown [./open/src/hotspot/share/interpreter/linkResolver.cpp, line 782]
Event: 0.576 Thread 0x00007fa0fa008e00 Exception <a 'java/lang/NoSuchMethodError'{0x000000070fd92708}: 'void java.lang.invoke.DirectMethodHandle$Holder.invokeStaticInit(java.lang.Object)'> (0x000000070fd92708) 
thrown [./open/src/hotspot/share/interpreter/linkResolver.cpp, line 782]
Event: 0.587 Thread 0x00007fa0fa008e00 Exception <a 'java/lang/NoSuchMethodError'{0x000000070fdb5a08}: 'java.lang.Object java.lang.invoke.DirectMethodHandle$Holder.newInvokeSpecial(java.lang.Object, java.lang.Object, java.lang.Object, java.lang.Object, java.lang.Object)'> (0x000000070fdb5a08) 
thrown [./open/src/hotspot/share/interpreter/linkResolver.cpp, line 782]
Event: 0.590 Thread 0x00007fa0fa008e00 Exception <a 'java/lang/NoSuchMethodError'{0x000000070fdc1498}: 'java.lang.Object java.lang.invoke.DirectMethodHandle$Holder.invokeStatic(java.lang.Object, int, java.lang.Object, java.lang.Object, java.lang.Object, java.lang.Object)'> (0x000000070fdc1498) 
thrown [./open/src/hotspot/share/interpreter/linkResolver.cpp, line 782]
Event: 0.594 Thread 0x00007fa0fa008e00 Exception <a 'java/lang/NoSuchMethodError'{0x000000070fa24540}: 'java.lang.Object java.lang.invoke.DirectMethodHandle$Holder.invokeStatic(java.lang.Object, int, java.lang.Object)'> (0x000000070fa24540) 
thrown [./open/src/hotspot/share/interpreter/linkResolver.cpp, line 782]
Event: 0.600 Thread 0x00007fa0fa008e00 Exception <a 'java/lang/ClassNotFoundException'{0x000000070fa56460}: com/apple/laf/resources/spi/aquaProvider> (0x000000070fa56460) 
thrown [./open/src/hotspot/share/classfile/systemDictionary.cpp, line 295]
Event: 0.621 Thread 0x00007fa0fa008e00 Exception <a 'java/lang/ClassNotFoundException'{0x000000070fac5c08}: com/sun/swing/internal/plaf/basic/resources/spi/basicProvider> (0x000000070fac5c08) 
thrown [./open/src/hotspot/share/classfile/systemDictionary.cpp, line 295]
Event: 0.699 Thread 0x00007fa0fa008e00 Exception <a 'java/lang/NoSuchMethodError'{0x000000070fb4f850}: 'java.lang.Object java.lang.invoke.DirectMethodHandle$Holder.newInvokeSpecial(java.lang.Object, java.lang.Object, java.lang.Object, int, java.lang.Object)'> (0x000000070fb4f850) 
thrown [./open/src/hotspot/share/interpreter/linkResolver.cpp, line 782]
Event: 0.720 Thread 0x00007fa0fa008e00 Exception <a 'java/lang/NoSuchMethodError'{0x000000070fb5b5c8}: 'void java.lang.invoke.DirectMethodHandle$Holder.invokeStatic(java.lang.Object, int, long)'> (0x000000070fb5b5c8) 
thrown [./open/src/hotspot/share/interpreter/linkResolver.cpp, line 782]
Event: 0.728 Thread 0x00007fa0f8a9ce00 Exception <a 'java/lang/NoSuchMethodError'{0x000000070fbc4300}: 'void java.lang.invoke.DirectMethodHandle$Holder.invokeStatic(java.lang.Object, long)'> (0x000000070fbc4300) 
thrown [./open/src/hotspot/share/interpreter/linkResolver.cpp, line 782]
Event: 0.733 Thread 0x00007fa0fa008e00 Exception <a 'java/lang/NoSuchMethodError'{0x000000070fb74b88}: 'java.lang.Object java.lang.invoke.Invokers$Holder.linkToTargetMethod(int, int, int, int, java.lang.Object)'> (0x000000070fb74b88) 
thrown [./open/src/hotspot/share/interpreter/linkResolver.cpp, line 782]
Event: 0.736 Thread 0x00007fa0fa008e00 Exception <a 'java/lang/NoSuchMethodError'{0x000000070fb78738}: 'void java.lang.invoke.DirectMethodHandle$Holder.invokeStatic(java.lang.Object, java.lang.Object, long)'> (0x000000070fb78738) 
thrown [./open/src/hotspot/share/interpreter/linkResolver.cpp, line 782]
Event: 0.763 Thread 0x00007fa0f89aa000 Exception <a 'java/lang/NoSuchMethodError'{0x000000070fd31b08}: 'void java.lang.invoke.DirectMethodHandle$Holder.invokeSpecial(java.lang.Object, java.lang.Object, long)'> (0x000000070fd31b08) 
thrown [./open/src/hotspot/share/interpreter/linkResolver.cpp, line 782]
Event: 1.538 Thread 0x00007fa0fa008e00 Exception <a 'java/lang/NoSuchMethodError'{0x000000070f8803e8}: 'void java.lang.invoke.DirectMethodHandle$Holder.invokeStatic(java.lang.Object, long, long)'> (0x000000070f8803e8) 
thrown [./open/src/hotspot/share/interpreter/linkResolver.cpp, line 782]
Event: 1.539 Thread 0x00007fa0fa008e00 Exception <a 'java/lang/NoSuchMethodError'{0x000000070f885ca0}: 'java.lang.Object java.lang.invoke.DirectMethodHandle$Holder.newInvokeSpecial(java.lang.Object, long)'> (0x000000070f885ca0) 
thrown [./open/src/hotspot/share/interpreter/linkResolver.cpp, line 782]
Event: 1.540 Thread 0x00007fa0fa008e00 Exception <a 'java/lang/NoSuchMethodError'{0x000000070f890178}: 'java.lang.Object java.lang.invoke.DirectMethodHandle$Holder.newInvokeSpecial(java.lang.Object, java.lang.Object, int)'> (0x000000070f890178) 
thrown [./open/src/hotspot/share/interpreter/linkResolver.cpp, line 782]
Event: 2.541 Thread 0x00007fa0f8a9ce00 Exception <a 'java/lang/NoSuchMethodError'{0x000000070f423b90}: 'int java.lang.invoke.DirectMethodHandle$Holder.invokeStatic(java.lang.Object)'> (0x000000070f423b90) 
thrown [./open/src/hotspot/share/interpreter/linkResolver.cpp, line 782]

Events (20 events):
Event: 3.527 loading class javax/swing/undo/CompoundEdit done
Event: 3.527 loading class javax/swing/text/AbstractDocument$DefaultDocumentEvent done
Event: 3.527 loading class javax/swing/event/DocumentEvent$EventType
Event: 3.527 loading class javax/swing/event/DocumentEvent$EventType done
Event: 3.527 loading class javax/swing/event/DocumentEvent$ElementChange
Event: 3.527 loading class javax/swing/event/DocumentEvent$ElementChange done
Event: 3.527 loading class javax/swing/JLayer
Event: 3.528 loading class javax/swing/JLayer done
Event: 3.528 loading class javax/swing/text/AbstractDocument$UndoRedoDocumentEvent
Event: 3.528 loading class javax/swing/text/AbstractDocument$UndoRedoDocumentEvent done
Event: 3.528 loading class javax/swing/text/DefaultCaret$1
Event: 3.528 loading class javax/swing/text/DefaultCaret$1 done
Event: 3.528 loading class javax/swing/event/UndoableEditEvent
Event: 3.528 loading class javax/swing/event/UndoableEditEvent done
Event: 3.528 loading class javax/swing/text/AbstractDocument$DefaultDocumentEventUndoableWrapper
Event: 3.528 loading class sun/swing/text/UndoableEditLockSupport
Event: 3.528 loading class sun/swing/text/UndoableEditLockSupport done
Event: 3.528 loading class javax/swing/text/AbstractDocument$DefaultDocumentEventUndoableWrapper done
Event: 3.528 loading class javax/swing/event/UndoableEditListener
Event: 3.528 loading class javax/swing/event/UndoableEditListener done


Dynamic libraries:
0x00007ffdffe43000 	/Library/Apple/usr/libexec/oah/runtime
0x00007fff2a5f6000 	/usr/lib/libz.1.dylib
0x000000010cfcd000 	/Users/johnpantrakis/.p2/pool/plugins/org.eclipse.justj.openjdk.hotspot.jre.full.macosx.x86_64_15.0.2.v20210201-0955/jre/lib/libjli.dylib
0x00007fff352a8000 	/System/Library/Frameworks/Cocoa.framework/Versions/A/Cocoa
0x00007fff22150000 	/System/Library/Frameworks/Security.framework/Versions/A/Security
0x00007fff334a5000 	/System/Library/Frameworks/ApplicationServices.framework/Versions/A/ApplicationServices
0x00007fff2a6c2000 	/usr/lib/libSystem.B.dylib
0x00007fff2a6bc000 	/usr/lib/system/libcache.dylib
0x00007fff2a678000 	/usr/lib/system/libcommonCrypto.dylib
0x00007fff2a6a2000 	/usr/lib/system/libcompiler_rt.dylib
0x00007fff2a697000 	/usr/lib/system/libcopyfile.dylib
0x00007fff200ee000 	/usr/lib/system/libcorecrypto.dylib
0x00007fff201bb000 	/usr/lib/system/libdispatch.dylib
0x00007fff20370000 	/usr/lib/system/libdyld.dylib
0x00007fff2a6b3000 	/usr/lib/system/libkeymgr.dylib
0x00007fff2dc57000 	/usr/lib/system/liblaunch.dylib
0x00007fff2a656000 	/usr/lib/system/libmacho.dylib
0x00007fff29e6b000 	/usr/lib/system/libquarantine.dylib
0x00007fff2a6b0000 	/usr/lib/system/libremovefile.dylib
0x00007fff24ae7000 	/usr/lib/system/libsystem_asl.dylib
0x00007fff2009e000 	/usr/lib/system/libsystem_blocks.dylib
0x00007fff2023d000 	/usr/lib/system/libsystem_c.dylib
0x00007fff2a6aa000 	/usr/lib/system/libsystem_collections.dylib
0x00007fff29258000 	/usr/lib/system/libsystem_configuration.dylib
0x00007fff28547000 	/usr/lib/system/libsystem_containermanager.dylib
0x00007fff2a3ee000 	/usr/lib/system/libsystem_coreservices.dylib
0x00007fff22704000 	/usr/lib/system/libsystem_darwin.dylib
0x00007fff2a6b4000 	/usr/lib/system/libsystem_dnssd.dylib
0x00007fff2023a000 	/usr/lib/system/libsystem_featureflags.dylib
0x00007fff203b5000 	/usr/lib/system/libsystem_info.dylib
0x00007fff2a609000 	/usr/lib/system/libsystem_m.dylib
0x00007fff2018e000 	/usr/lib/system/libsystem_malloc.dylib
0x00007fff24a7b000 	/usr/lib/system/libsystem_networkextension.dylib
0x00007fff22b1f000 	/usr/lib/system/libsystem_notify.dylib
0x00007fff3010b000 	/usr/lib/system/libsystem_product_info_filter.dylib
0x00007fff2925c000 	/usr/lib/system/libsystem_sandbox.dylib
0x00007fff2a6ad000 	/usr/lib/system/libsystem_secinit.dylib
0x00007fff20335000 	/usr/lib/system/libsystem_kernel.dylib
0x00007fff203ab000 	/usr/lib/system/libsystem_platform.dylib
0x00007fff20364000 	/usr/lib/system/libsystem_pthread.dylib
0x00007fff26215000 	/usr/lib/system/libsystem_symptoms.dylib
0x00007fff200d6000 	/usr/lib/system/libsystem_trace.dylib
0x00007fff2a684000 	/usr/lib/system/libunwind.dylib
0x00007fff200a0000 	/usr/lib/system/libxpc.dylib
0x00007fff2031c000 	/usr/lib/libc++abi.dylib
0x00007fff20200000 	/usr/lib/libobjc.A.dylib
0x00007fff2a68f000 	/usr/lib/liboah.dylib
0x00007fff202c6000 	/usr/lib/libc++.1.dylib
0x00007fff203e1000 	/System/Library/Frameworks/CoreFoundation.framework/Versions/A/CoreFoundation
0x00007fff210c3000 	/System/Library/Frameworks/Foundation.framework/Versions/C/Foundation
0x00007fff22b77000 	/System/Library/Frameworks/AppKit.framework/Versions/C/AppKit
0x00007fff25a35000 	/System/Library/Frameworks/CoreData.framework/Versions/A/CoreData
0x00007fff238da000 	/System/Library/PrivateFrameworks/UIFoundation.framework/Versions/A/UIFoundation
0x00007fff2fe84000 	/System/Library/PrivateFrameworks/RemoteViewServices.framework/Versions/A/RemoteViewServices
0x00007fff28c11000 	/System/Library/PrivateFrameworks/XCTTargetBootstrap.framework/Versions/A/XCTTargetBootstrap
0x00007fff2b960000 	/usr/lib/libspindump.dylib
0x00007fff23b2f000 	/System/Library/Frameworks/UniformTypeIdentifiers.framework/Versions/A/UniformTypeIdentifiers
0x00007fff273e7000 	/usr/lib/libapp_launch_measurement.dylib
0x00007fff273ea000 	/System/Library/PrivateFrameworks/CoreAutoLayout.framework/Versions/A/CoreAutoLayout
0x00007fff28573000 	/System/Library/Frameworks/Metal.framework/Versions/A/Metal
0x00007fff29267000 	/usr/lib/liblangid.dylib
0x00007fff28c15000 	/System/Library/PrivateFrameworks/CoreSVG.framework/Versions/A/CoreSVG
0x00007fff24b16000 	/System/Library/PrivateFrameworks/SkyLight.framework/Versions/A/SkyLight
0x00007fff24e7d000 	/System/Library/Frameworks/CoreGraphics.framework/Versions/A/CoreGraphics
0x00007fff304db000 	/System/Library/Frameworks/Accelerate.framework/Versions/A/Accelerate
0x00007fff2b39b000 	/System/Library/PrivateFrameworks/IconServices.framework/Versions/A/IconServices
0x00007fff28558000 	/System/Library/Frameworks/IOSurface.framework/Versions/A/IOSurface
0x00007fff263c7000 	/usr/lib/libDiagnosticMessagesClient.dylib
0x00007fff28bfd000 	/System/Library/PrivateFrameworks/DFRFoundation.framework/Versions/A/DFRFoundation
0x00007fff224a2000 	/usr/lib/libicucore.A.dylib
0x00007fff2cea5000 	/System/Library/Frameworks/AudioToolbox.framework/Versions/A/AudioToolbox
0x00007fff2c14a000 	/System/Library/PrivateFrameworks/DataDetectorsCore.framework/Versions/A/DataDetectorsCore
0x00007fff288fd000 	/System/Library/Frameworks/Carbon.framework/Versions/A/Frameworks/HIToolbox.framework/Versions/A/HIToolbox
0x00007fff26e42000 	/System/Library/Frameworks/QuartzCore.framework/Versions/A/QuartzCore
0x00007fff2fec0000 	/System/Library/Frameworks/Carbon.framework/Versions/A/Frameworks/SpeechRecognition.framework/Versions/A/SpeechRecognition
0x00007fff2714f000 	/System/Library/PrivateFrameworks/CoreUI.framework/Versions/A/CoreUI
0x00007fff21aab000 	/System/Library/Frameworks/CoreAudio.framework/Versions/A/CoreAudio
0x00007fff264b2000 	/System/Library/Frameworks/DiskArbitration.framework/Versions/A/DiskArbitration
0x00007fff2bd5a000 	/System/Library/PrivateFrameworks/MultitouchSupport.framework/Versions/A/MultitouchSupport
0x00007fff2c141000 	/System/Library/PrivateFrameworks/InternationalSupport.framework/Versions/A/InternationalSupport
0x00007fff24a8a000 	/usr/lib/libenergytrace.dylib
0x00007fff22a70000 	/System/Library/Frameworks/IOKit.framework/Versions/A/IOKit
0x00007fff3020d000 	/System/Library/Frameworks/CoreServices.framework/Versions/A/CoreServices
0x00007fff2737d000 	/System/Library/PrivateFrameworks/PerformanceAnalysis.framework/Versions/A/PerformanceAnalysis
0x00007fff6cb83000 	/System/Library/Frameworks/OpenGL.framework/Versions/A/OpenGL
0x00007fff2c1c6000 	/System/Library/PrivateFrameworks/UserActivity.framework/Versions/A/UserActivity
0x00007fff25537000 	/System/Library/Frameworks/ColorSync.framework/Versions/A/ColorSync
0x00007fff28e7e000 	/System/Library/Frameworks/CoreImage.framework/Versions/A/CoreImage
0x00007fff218c2000 	/System/Library/Frameworks/CoreText.framework/Versions/A/CoreText
0x00007fff28c3f000 	/System/Library/Frameworks/ImageIO.framework/Versions/A/ImageIO
0x00007fff2a6c8000 	/System/Library/PrivateFrameworks/SoftLinking.framework/Versions/A/SoftLinking
0x00007fff27433000 	/usr/lib/libxml2.2.dylib
0x00007fff2a93a000 	/usr/lib/libcompression.dylib
0x00007fff24a8b000 	/usr/lib/libMobileGestalt.dylib
0x00007fff2c074000 	/System/Library/PrivateFrameworks/TextureIO.framework/Versions/A/TextureIO
0x00007fff2b028000 	/usr/lib/libate.dylib
0x00007fff2ad53000 	/usr/lib/liblzma.5.dylib
0x00007fff20dd7000 	/System/Library/Frameworks/SystemConfiguration.framework/Versions/A/SystemConfiguration
0x00007fff2a6c4000 	/usr/lib/libfakelink.dylib
0x00007fff245dd000 	/System/Library/Frameworks/CFNetwork.framework/Versions/A/CFNetwork
0x00007fff2a804000 	/usr/lib/libarchive.2.dylib
0x00007fff20e55000 	/usr/lib/libCRFSuite.dylib
0x00007fff29e92000 	/usr/lib/libbsm.0.dylib
0x00007fff23f99000 	/usr/lib/libnetwork.dylib
0x00007fff2a6c9000 	/usr/lib/libpcap.A.dylib
0x00007fff2620e000 	/usr/lib/libdns_services.dylib
0x00007fff2ad6c000 	/usr/lib/libcoretls_cfhelpers.dylib
0x00007fff2a908000 	/usr/lib/libapple_nghttp2.dylib
0x00007fff2a65c000 	/usr/lib/system/libkxld.dylib
0x00007fff25e7c000 	/usr/lib/libsqlite3.dylib
0x00007fff2a3d0000 	/System/Library/PrivateFrameworks/AppleFSCompression.framework/Versions/A/AppleFSCompression
0x00007fff29e7a000 	/usr/lib/libcoretls.dylib
0x00007fff2a935000 	/usr/lib/libpam.2.dylib
0x00007fff2ae69000 	/usr/lib/libxar.1.dylib
0x00007fff29263000 	/System/Library/PrivateFrameworks/AppleSystemInfo.framework/Versions/A/AppleSystemInfo
0x00007fff29abd000 	/System/Library/PrivateFrameworks/IOMobileFramebuffer.framework/Versions/A/IOMobileFramebuffer
0x00007fff2a3e0000 	/usr/lib/libbz2.1.0.dylib
0x00007fff2a701000 	/usr/lib/libiconv.2.dylib
0x00007fff2a655000 	/usr/lib/libcharset.1.dylib
0x00007fff273b9000 	/System/Library/Frameworks/CoreServices.framework/Versions/A/Frameworks/FSEvents.framework/Versions/A/FSEvents
0x00007fff2270e000 	/System/Library/Frameworks/CoreServices.framework/Versions/A/Frameworks/CarbonCore.framework/Versions/A/CarbonCore
0x00007fff26417000 	/System/Library/Frameworks/CoreServices.framework/Versions/A/Frameworks/Metadata.framework/Versions/A/Metadata
0x00007fff2a3f3000 	/System/Library/Frameworks/CoreServices.framework/Versions/A/Frameworks/OSServices.framework/Versions/A/OSServices
0x00007fff2a876000 	/System/Library/Frameworks/CoreServices.framework/Versions/A/Frameworks/SearchKit.framework/Versions/A/SearchKit
0x00007fff26198000 	/System/Library/Frameworks/CoreServices.framework/Versions/A/Frameworks/AE.framework/Versions/A/AE
0x00007fff2087d000 	/System/Library/Frameworks/CoreServices.framework/Versions/A/Frameworks/LaunchServices.framework/Versions/A/LaunchServices
0x00007fff2ad04000 	/System/Library/Frameworks/CoreServices.framework/Versions/A/Frameworks/DictionaryServices.framework/Versions/A/DictionaryServices
0x00007fff273c2000 	/System/Library/Frameworks/CoreServices.framework/Versions/A/Frameworks/SharedFileList.framework/Versions/A/SharedFileList
0x00007fff29e6e000 	/usr/lib/libCheckFix.dylib
0x00007fff24afe000 	/System/Library/PrivateFrameworks/TCC.framework/Versions/A/TCC
0x00007fff29269000 	/System/Library/PrivateFrameworks/CoreNLP.framework/Versions/A/CoreNLP
0x00007fff263ca000 	/System/Library/PrivateFrameworks/MetadataUtilities.framework/Versions/A/MetadataUtilities
0x00007fff20e8b000 	/usr/lib/libmecabra.dylib
0x00007fff2a182000 	/System/Library/Frameworks/MLCompute.framework/Versions/A/MLCompute
0x00007fff29ea3000 	/usr/lib/libmecab.dylib
0x00007fff29eed000 	/usr/lib/libgermantok.dylib
0x00007fff2a8de000 	/usr/lib/libThaiTokenizer.dylib
0x00007fff2aea4000 	/usr/lib/libChineseTokenizer.dylib
0x00007fff2a933000 	/System/Library/Frameworks/MetalPerformanceShaders.framework/Versions/A/MetalPerformanceShaders
0x00007fff264b9000 	/System/Library/Frameworks/Accelerate.framework/Versions/A/Frameworks/vImage.framework/Versions/A/vImage
0x00007fff301e6000 	/System/Library/Frameworks/Accelerate.framework/Versions/A/Frameworks/vecLib.framework/Versions/A/vecLib
0x00007fff2aeaf000 	/System/Library/Frameworks/Accelerate.framework/Versions/A/Frameworks/vecLib.framework/Versions/A/libvMisc.dylib
0x00007fff29919000 	/System/Library/Frameworks/Accelerate.framework/Versions/A/Frameworks/vecLib.framework/Versions/A/libvDSP.dylib
0x00007fff20b81000 	/System/Library/Frameworks/Accelerate.framework/Versions/A/Frameworks/vecLib.framework/Versions/A/libBLAS.dylib
0x00007fff2a959000 	/System/Library/Frameworks/Accelerate.framework/Versions/A/Frameworks/vecLib.framework/Versions/A/libLAPACK.dylib
0x00007fff29ef3000 	/System/Library/Frameworks/Accelerate.framework/Versions/A/Frameworks/vecLib.framework/Versions/A/libLinearAlgebra.dylib
0x00007fff2a920000 	/System/Library/Frameworks/Accelerate.framework/Versions/A/Frameworks/vecLib.framework/Versions/A/libSparseBLAS.dylib
0x00007fff2a953000 	/System/Library/Frameworks/Accelerate.framework/Versions/A/Frameworks/vecLib.framework/Versions/A/libQuadrature.dylib
0x00007fff29311000 	/System/Library/Frameworks/Accelerate.framework/Versions/A/Frameworks/vecLib.framework/Versions/A/libBNNS.dylib
0x00007fff20d68000 	/System/Library/Frameworks/Accelerate.framework/Versions/A/Frameworks/vecLib.framework/Versions/A/libSparse.dylib
0x00007fff291fc000 	/System/Library/Frameworks/MetalPerformanceShaders.framework/Versions/A/Frameworks/MPSCore.framework/Versions/A/MPSCore
0x00007fff2a33f000 	/System/Library/Frameworks/MetalPerformanceShaders.framework/Versions/A/Frameworks/MPSImage.framework/Versions/A/MPSImage
0x00007fff29f0a000 	/System/Library/Frameworks/MetalPerformanceShaders.framework/Versions/A/Frameworks/MPSNeuralNetwork.framework/Versions/A/MPSNeuralNetwork
0x00007fff2a2ca000 	/System/Library/Frameworks/MetalPerformanceShaders.framework/Versions/A/Frameworks/MPSMatrix.framework/Versions/A/MPSMatrix
0x00007fff2a132000 	/System/Library/Frameworks/MetalPerformanceShaders.framework/Versions/A/Frameworks/MPSRayIntersector.framework/Versions/A/MPSRayIntersector
0x00007fff2a301000 	/System/Library/Frameworks/MetalPerformanceShaders.framework/Versions/A/Frameworks/MPSNDArray.framework/Versions/A/MPSNDArray
0x00007fff20aad000 	/System/Library/PrivateFrameworks/MetalTools.framework/Versions/A/MetalTools
0x00007fff29261000 	/System/Library/PrivateFrameworks/AggregateDictionary.framework/Versions/A/AggregateDictionary
0x00007fff263a2000 	/System/Library/PrivateFrameworks/CoreAnalytics.framework/Versions/A/CoreAnalytics
0x00007fff2a8e0000 	/System/Library/PrivateFrameworks/AppleSauce.framework/Versions/A/AppleSauce
0x00007fff2856a000 	/System/Library/PrivateFrameworks/IOAccelerator.framework/Versions/A/IOAccelerator
0x00007fff6cb77000 	/System/Library/Frameworks/OpenGL.framework/Versions/A/Libraries/libCoreFSCache.dylib
0x00007fff21427000 	/System/Library/PrivateFrameworks/LanguageModeling.framework/Versions/A/LanguageModeling
0x00007fff29aaa000 	/System/Library/PrivateFrameworks/CoreEmoji.framework/Versions/A/CoreEmoji
0x00007fff2930a000 	/System/Library/PrivateFrameworks/LinguisticData.framework/Versions/A/LinguisticData
0x00007fff20d1a000 	/System/Library/PrivateFrameworks/Lexicon.framework/Versions/A/Lexicon
0x00007fff2a7f2000 	/usr/lib/libcmph.dylib
0x00007fff27399000 	/System/Library/Frameworks/OpenDirectory.framework/Versions/A/Frameworks/CFOpenDirectory.framework/Versions/A/CFOpenDirectory
0x00007fff27389000 	/System/Library/Frameworks/OpenDirectory.framework/Versions/A/OpenDirectory
0x00007fff2ad6e000 	/System/Library/PrivateFrameworks/APFS.framework/Versions/A/APFS
0x00007fff29dcf000 	/System/Library/Frameworks/SecurityFoundation.framework/Versions/A/SecurityFoundation
0x00007fff2ae77000 	/usr/lib/libutil.dylib
0x00007fff22a35000 	/System/Library/PrivateFrameworks/CoreServicesStore.framework/Versions/A/CoreServicesStore
0x00007fff29e66000 	/System/Library/Frameworks/ServiceManagement.framework/Versions/A/ServiceManagement
0x00007fff2ae7b000 	/usr/lib/libxslt.1.dylib
0x00007fff29e5c000 	/System/Library/PrivateFrameworks/BackgroundTaskManagement.framework/Versions/A/BackgroundTaskManagement
0x00007fff2bfbf000 	/System/Library/Frameworks/ImageIO.framework/Versions/A/Resources/libRadiance.dylib
0x00007fff2bfc8000 	/System/Library/Frameworks/ImageIO.framework/Versions/A/Resources/libJPEG.dylib
0x00007fff2bf14000 	/System/Library/Frameworks/ImageIO.framework/Versions/A/Resources/libPng.dylib
0x00007fff2bf3b000 	/System/Library/Frameworks/ImageIO.framework/Versions/A/Resources/libTIFF.dylib
0x00007fff2c01d000 	/System/Library/Frameworks/ImageIO.framework/Versions/A/Resources/libGIF.dylib
0x00007fff2bc78000 	/System/Library/Frameworks/ImageIO.framework/Versions/A/Resources/libJP2.dylib
0x00007fff2b362000 	/usr/lib/libexpat.1.dylib
0x00007fff2bc2d000 	/System/Library/PrivateFrameworks/AppleJPEG.framework/Versions/A/AppleJPEG
0x00007fff287a0000 	/System/Library/PrivateFrameworks/FontServices.framework/libFontParser.dylib
0x00007fff2614c000 	/System/Library/PrivateFrameworks/RunningBoardServices.framework/Versions/A/RunningBoardServices
0x00007fff2bd56000 	/System/Library/PrivateFrameworks/WatchdogClient.framework/Versions/A/WatchdogClient
0x00007fff21514000 	/System/Library/Frameworks/CoreDisplay.framework/Versions/A/CoreDisplay
0x00007fff286b6000 	/System/Library/Frameworks/CoreMedia.framework/Versions/A/CoreMedia
0x00007fff27516000 	/System/Library/Frameworks/CoreVideo.framework/Versions/A/CoreVideo
0x00007fff2bd8e000 	/System/Library/Frameworks/VideoToolbox.framework/Versions/A/VideoToolbox
0x00007fff260ca000 	/System/Library/PrivateFrameworks/BaseBoard.framework/Versions/A/BaseBoard
0x00007fff2b4a7000 	/System/Library/PrivateFrameworks/PersistentConnection.framework/Versions/A/PersistentConnection
0x00007fff25e65000 	/System/Library/PrivateFrameworks/ProtocolBuffer.framework/Versions/A/ProtocolBuffer
0x00007fff260b1000 	/System/Library/PrivateFrameworks/CommonUtilities.framework/Versions/A/CommonUtilities
0x00007fff2bbc2000 	/System/Library/PrivateFrameworks/Bom.framework/Versions/A/Bom
0x00007fff2bfb8000 	/System/Library/PrivateFrameworks/GPUWrangler.framework/Versions/A/GPUWrangler
0x00007fff2bf9b000 	/System/Library/PrivateFrameworks/IOPresentment.framework/Versions/A/IOPresentment
0x00007fff2bfc2000 	/System/Library/PrivateFrameworks/DSExternalDisplay.framework/Versions/A/DSExternalDisplay
0x00007fff2c022000 	/System/Library/PrivateFrameworks/CMCaptureCore.framework/Versions/A/CMCaptureCore
0x00007fff2b947000 	/System/Library/PrivateFrameworks/AppServerSupport.framework/Versions/A/AppServerSupport
0x00007fff2d9f6000 	/System/Library/PrivateFrameworks/perfdata.framework/Versions/A/perfdata
0x00007fff29dbe000 	/System/Library/PrivateFrameworks/AssertionServices.framework/Versions/A/AssertionServices
0x00007fff2164b000 	/System/Library/PrivateFrameworks/AudioToolboxCore.framework/Versions/A/AudioToolboxCore
0x00007fff28699000 	/System/Library/PrivateFrameworks/caulk.framework/Versions/A/caulk
0x00007fff3d6a1000 	/System/Library/PrivateFrameworks/SystemPolicy.framework/Versions/A/SystemPolicy
0x00007fff2b157000 	/usr/lib/libIOReport.dylib
0x00007fff2d218000 	/usr/lib/libSMC.dylib
0x00007fff2bee1000 	/usr/lib/libAudioToolboxUtility.dylib
0x00007fff3e00b000 	/usr/lib/libmis.dylib
0x00007fff6cbd3000 	/System/Library/Frameworks/OpenGL.framework/Versions/A/Libraries/libGLU.dylib
0x00007fff6cb96000 	/System/Library/Frameworks/OpenGL.framework/Versions/A/Libraries/libGFXShared.dylib
0x00007fff6cda5000 	/System/Library/Frameworks/OpenGL.framework/Versions/A/Libraries/libGL.dylib
0x00007fff6cb9f000 	/System/Library/Frameworks/OpenGL.framework/Versions/A/Libraries/libGLImage.dylib
0x00007fff6cb93000 	/System/Library/Frameworks/OpenGL.framework/Versions/A/Libraries/libCVMSPluginSupport.dylib
0x00007fff6cb7e000 	/System/Library/Frameworks/OpenGL.framework/Versions/A/Libraries/libCoreVMClient.dylib
0x00007fff6e1e6000 	/System/Library/Frameworks/OpenCL.framework/Versions/A/OpenCL
0x00007fff2b4d1000 	/System/Library/PrivateFrameworks/GraphVisualizer.framework/Versions/A/GraphVisualizer
0x00007fff2b4e0000 	/System/Library/PrivateFrameworks/FaceCore.framework/Versions/A/FaceCore
0x00007fff2b8fc000 	/System/Library/PrivateFrameworks/OTSVG.framework/Versions/A/OTSVG
0x00007fff2710d000 	/System/Library/Frameworks/ApplicationServices.framework/Versions/A/Frameworks/ATS.framework/Versions/A/Resources/libFontRegistry.dylib
0x00007fff2b94e000 	/System/Library/PrivateFrameworks/FontServices.framework/libhvf.dylib
0x00007fff2b30e000 	/System/Library/PrivateFrameworks/AppleVA.framework/Versions/A/AppleVA
0x00007fff2d061000 	/System/Library/Frameworks/ApplicationServices.framework/Versions/A/Frameworks/ATS.framework/Versions/A/ATS
0x00007fff2d373000 	/System/Library/Frameworks/ApplicationServices.framework/Versions/A/Frameworks/ColorSyncLegacy.framework/Versions/A/ColorSyncLegacy
0x00007fff2562e000 	/System/Library/Frameworks/ApplicationServices.framework/Versions/A/Frameworks/HIServices.framework/Versions/A/HIServices
0x00007fff2d358000 	/System/Library/Frameworks/ApplicationServices.framework/Versions/A/Frameworks/LangAnalysis.framework/Versions/A/LangAnalysis
0x00007fff2c02c000 	/System/Library/Frameworks/ApplicationServices.framework/Versions/A/Frameworks/PrintCore.framework/Versions/A/PrintCore
0x00007fff2d37b000 	/System/Library/Frameworks/ApplicationServices.framework/Versions/A/Frameworks/QD.framework/Versions/A/QD
0x00007fff2d051000 	/System/Library/Frameworks/ApplicationServices.framework/Versions/A/Frameworks/SpeechSynthesis.framework/Versions/A/SpeechSynthesis
0x00007fff2bfed000 	/System/Library/Frameworks/ApplicationServices.framework/Versions/A/Frameworks/ATSUI.framework/Versions/A/ATSUI
0x00007fff2d2f8000 	/usr/lib/libcups.2.dylib
0x00007fff2d368000 	/System/Library/PrivateFrameworks/NetAuth.framework/Versions/A/NetAuth
0x00007fff2da12000 	/System/Library/Frameworks/Kerberos.framework/Versions/A/Kerberos
0x00007fff2da22000 	/System/Library/Frameworks/GSS.framework/Versions/A/GSS
0x00007fff2d0cd000 	/usr/lib/libresolv.9.dylib
0x00007fff2b963000 	/System/Library/PrivateFrameworks/Heimdal.framework/Versions/A/Heimdal
0x00007fff337a6000 	/System/Library/Frameworks/Kerberos.framework/Versions/A/Libraries/libHeimdalProxy.dylib
0x00007fff2621d000 	/System/Library/Frameworks/Network.framework/Versions/A/Network
0x00007fff2b37c000 	/usr/lib/libheimdal-asn1.dylib
0x00007fff2da72000 	/System/Library/PrivateFrameworks/CommonAuth.framework/Versions/A/CommonAuth
0x00007fff27563000 	/System/Library/PrivateFrameworks/login.framework/Versions/A/Frameworks/loginsupport.framework/Versions/A/loginsupport
0x00007fff2cfd6000 	/System/Library/PrivateFrameworks/AudioSession.framework/Versions/A/AudioSession
0x00007fff2d03e000 	/usr/lib/libAudioStatistics.dylib
0x00007fff2b409000 	/System/Library/PrivateFrameworks/MediaExperience.framework/Versions/A/MediaExperience
0x00007fff2ce73000 	/System/Library/PrivateFrameworks/AudioSession.framework/libSessionUtility.dylib
0x00007fff2da03000 	/usr/lib/libperfcheck.dylib
0x00007fff2d387000 	/System/Library/PrivateFrameworks/AudioResourceArbitration.framework/Versions/A/AudioResourceArbitration
0x00007fff2b386000 	/System/Library/PrivateFrameworks/IconFoundation.framework/Versions/A/IconFoundation
0x00007fff2feb0000 	/System/Library/PrivateFrameworks/SpeechRecognitionCore.framework/Versions/A/SpeechRecognitionCore
0x0000000111800000 	/Users/johnpantrakis/.p2/pool/plugins/org.eclipse.justj.openjdk.hotspot.jre.full.macosx.x86_64_15.0.2.v20210201-0955/jre/lib/server/libjvm.dylib
0x000000010d059000 	/Users/johnpantrakis/.p2/pool/plugins/org.eclipse.justj.openjdk.hotspot.jre.full.macosx.x86_64_15.0.2.v20210201-0955/jre/lib/libjimage.dylib
0x000000010d0bb000 	/Users/johnpantrakis/.p2/pool/plugins/org.eclipse.justj.openjdk.hotspot.jre.full.macosx.x86_64_15.0.2.v20210201-0955/jre/lib/libjava.dylib
0x000000010d3da000 	/Users/johnpantrakis/.p2/pool/plugins/org.eclipse.justj.openjdk.hotspot.jre.full.macosx.x86_64_15.0.2.v20210201-0955/jre/lib/libzip.dylib
0x000000010d531000 	/Users/johnpantrakis/.p2/pool/plugins/org.eclipse.justj.openjdk.hotspot.jre.full.macosx.x86_64_15.0.2.v20210201-0955/jre/lib/libnio.dylib
0x000000010d55f000 	/Users/johnpantrakis/.p2/pool/plugins/org.eclipse.justj.openjdk.hotspot.jre.full.macosx.x86_64_15.0.2.v20210201-0955/jre/lib/libnet.dylib
0x000000010d5dc000 	/Users/johnpantrakis/.p2/pool/plugins/org.eclipse.justj.openjdk.hotspot.jre.full.macosx.x86_64_15.0.2.v20210201-0955/jre/lib/libawt.dylib
0x0000000134405000 	/Users/johnpantrakis/.p2/pool/plugins/org.eclipse.justj.openjdk.hotspot.jre.full.macosx.x86_64_15.0.2.v20210201-0955/jre/lib/libmlib_image.dylib
0x00007fff6fa13000 	/System/Library/Frameworks/JavaNativeFoundation.framework/Versions/A/JavaNativeFoundation
0x00007fff6fa1f000 	/System/Library/Frameworks/JavaRuntimeSupport.framework/Versions/A/JavaRuntimeSupport
0x00007fff3d419000 	/System/Library/Frameworks/Carbon.framework/Versions/A/Carbon
0x00007fff31e7a000 	/System/Library/PrivateFrameworks/CoreSymbolication.framework/Versions/A/CoreSymbolication
0x00007fff36713000 	/System/Library/Frameworks/Carbon.framework/Versions/A/Frameworks/CommonPanels.framework/Versions/A/CommonPanels
0x00007fff33260000 	/System/Library/Frameworks/Carbon.framework/Versions/A/Frameworks/Help.framework/Versions/A/Help
0x00007fff36717000 	/System/Library/Frameworks/Carbon.framework/Versions/A/Frameworks/ImageCapture.framework/Versions/A/ImageCapture
0x00007fff366ef000 	/System/Library/Frameworks/Carbon.framework/Versions/A/Frameworks/OpenScripting.framework/Versions/A/OpenScripting
0x00007fff3670f000 	/System/Library/Frameworks/Carbon.framework/Versions/A/Frameworks/Ink.framework/Versions/A/Ink
0x00007fff3d415000 	/System/Library/Frameworks/Carbon.framework/Versions/A/Frameworks/Print.framework/Versions/A/Print
0x00007fff3670b000 	/System/Library/Frameworks/Carbon.framework/Versions/A/Frameworks/SecurityHI.framework/Versions/A/SecurityHI
0x00007fff31e3d000 	/System/Library/PrivateFrameworks/DebugSymbols.framework/Versions/A/DebugSymbols
0x000000013455d000 	/Users/johnpantrakis/.p2/pool/plugins/org.eclipse.justj.openjdk.hotspot.jre.full.macosx.x86_64_15.0.2.v20210201-0955/jre/lib/libawt_lwawt.dylib
0x000000010d756000 	/Users/johnpantrakis/.p2/pool/plugins/org.eclipse.justj.openjdk.hotspot.jre.full.macosx.x86_64_15.0.2.v20210201-0955/jre/lib/libosxapp.dylib
0x00007fff3c7d9000 	/System/Library/Frameworks/ExceptionHandling.framework/Versions/A/ExceptionHandling
0x0000000134771000 	/Users/johnpantrakis/.p2/pool/plugins/org.eclipse.justj.openjdk.hotspot.jre.full.macosx.x86_64_15.0.2.v20210201-0955/jre/lib/libfontmanager.dylib
0x0000000134a0b000 	/Users/johnpantrakis/.p2/pool/plugins/org.eclipse.justj.openjdk.hotspot.jre.full.macosx.x86_64_15.0.2.v20210201-0955/jre/lib/libfreetype.dylib
0x00007fff229f6000 	/System/Library/PrivateFrameworks/CoreServicesInternal.framework/Versions/A/CoreServicesInternal
0x00007fff31396000 	/System/Library/Frameworks/FileProvider.framework/Versions/A/FileProvider
0x00007fff26034000 	/System/Library/Frameworks/Accounts.framework/Versions/A/Accounts
0x00007fff314b7000 	/System/Library/PrivateFrameworks/GenerationalStorage.framework/Versions/A/GenerationalStorage
0x00007fff30db5000 	/System/Library/PrivateFrameworks/SymptomDiagnosticReporter.framework/Versions/A/SymptomDiagnosticReporter
0x00007fff2e6bb000 	/System/Library/PrivateFrameworks/AppContainer.framework/Versions/A/AppContainer
0x00007fff23b42000 	/System/Library/PrivateFrameworks/DesktopServicesPriv.framework/Versions/A/DesktopServicesPriv
0x00007fff22b2b000 	/usr/lib/libsandbox.1.dylib
0x00007fff2758f000 	/System/Library/PrivateFrameworks/UserManagement.framework/Versions/A/UserManagement
0x00007fff29d9b000 	/System/Library/PrivateFrameworks/MobileKeyBag.framework/Versions/A/MobileKeyBag
0x00007fff34810000 	/System/Library/PrivateFrameworks/ChunkingLibrary.framework/Versions/A/ChunkingLibrary
0x00007fff2e6d0000 	/System/Library/PrivateFrameworks/SecCodeWrapper.framework/Versions/A/SecCodeWrapper
0x00007fff2b15f000 	/System/Library/PrivateFrameworks/CrashReporterSupport.framework/Versions/A/CrashReporterSupport
0x00007fff48593000 	/System/Library/PrivateFrameworks/OSAnalytics.framework/Versions/A/OSAnalytics
0x00007fff783ab000 	/usr/lib/libRosetta.dylib
0x00007fff331f1000 	/System/Library/PrivateFrameworks/RemoteServiceDiscovery.framework/Versions/A/RemoteServiceDiscovery
0x00007fff5256b000 	/System/Library/PrivateFrameworks/Symbolication.framework/Versions/A/Symbolication
0x00007fff33201000 	/System/Library/PrivateFrameworks/RemoteXPC.framework/Versions/A/RemoteXPC
0x00007fff3970c000 	/System/Library/PrivateFrameworks/OSAServicesClient.framework/Versions/A/OSAServicesClient
0x00007fff3dfea000 	/System/Library/PrivateFrameworks/MallocStackLogging.framework/Versions/A/MallocStackLogging
0x00007fff2e452000 	/System/Library/PrivateFrameworks/Sharing.framework/Versions/A/Sharing
0x00007fff32dce000 	/System/Library/PrivateFrameworks/Apple80211.framework/Versions/A/Apple80211
0x00007fff2a421000 	/System/Library/PrivateFrameworks/AuthKit.framework/Versions/A/AuthKit
0x00007fff29b9b000 	/System/Library/PrivateFrameworks/CoreUtils.framework/Versions/A/CoreUtils
0x00007fff29ac8000 	/System/Library/Frameworks/CoreWLAN.framework/Versions/A/CoreWLAN
0x00007fff2e59a000 	/System/Library/Frameworks/IOBluetooth.framework/Versions/A/IOBluetooth
0x00007fff32e32000 	/System/Library/PrivateFrameworks/CoreWiFi.framework/Versions/A/CoreWiFi
0x00007fff2dafa000 	/System/Library/PrivateFrameworks/CorePhoneNumbers.framework/Versions/A/CorePhoneNumbers
0x00007fff30ebd000 	/System/Library/PrivateFrameworks/DiskManagement.framework/Versions/A/DiskManagement
0x00007fff30dd3000 	/System/Library/PrivateFrameworks/AppleIDAuthSupport.framework/Versions/A/AppleIDAuthSupport
0x00007fff2dad7000 	/System/Library/PrivateFrameworks/KeychainCircle.framework/Versions/A/KeychainCircle
0x00007fff30e89000 	/System/Library/PrivateFrameworks/MediaKit.framework/Versions/A/MediaKit
0x00007fff30de0000 	/System/Library/Frameworks/DiscRecording.framework/Versions/A/DiscRecording
0x00007fff2b282000 	/usr/lib/libCoreStorage.dylib
0x00007fff3326c000 	/usr/lib/libcsfde.dylib
0x00007fff2e6d4000 	/System/Library/PrivateFrameworks/ProtectedCloudStorage.framework/Versions/A/ProtectedCloudStorage
0x00007fff33264000 	/System/Library/PrivateFrameworks/EFILogin.framework/Versions/A/EFILogin
0x00007fff33859000 	/System/Library/Frameworks/AudioUnit.framework/Versions/A/AudioUnit
0x00007fff30d52000 	/System/Library/Frameworks/CoreBluetooth.framework/Versions/A/CoreBluetooth
0x00007fff2b27a000 	/usr/lib/libMatch.1.dylib
0x00007fff44224000 	/System/Library/CoreServices/RawCamera.bundle/Contents/MacOS/RawCamera
0x00007fff2da83000 	/System/Library/PrivateFrameworks/MobileAsset.framework/Versions/A/MobileAsset
0x00007fff3387e000 	/System/Library/PrivateFrameworks/StreamingZip.framework/Versions/A/StreamingZip
0x00007fff2c225000 	/System/Library/Frameworks/MediaToolbox.framework/Versions/A/MediaToolbox
0x00007fff31368000 	/System/Library/PrivateFrameworks/CoreAVCHD.framework/Versions/A/CoreAVCHD
0x00007fff3051c000 	/System/Library/Frameworks/MediaAccessibility.framework/Versions/A/MediaAccessibility
0x00007fff31364000 	/System/Library/PrivateFrameworks/Mangrove.framework/Versions/A/Mangrove
0x00007fff30528000 	/System/Library/PrivateFrameworks/AlgosScoreFramework.framework/Versions/A/AlgosScoreFramework
0x00007fff31d2d000 	/System/Library/PrivateFrameworks/AppleVPA.framework/Versions/A/AppleVPA
0x00007fff30fa9000 	/System/Library/PrivateFrameworks/CoreAUC.framework/Versions/A/CoreAUC
0x00007fff41c17000 	/System/Library/Frameworks/Accelerate.framework/Versions/A/Frameworks/vImage.framework/Versions/A/Libraries/libCGInterfaces.dylib
0x0000000137094000 	/usr/lib/libobjc-trampolines.dylib
0x00007fff27291000 	/System/Library/PrivateFrameworks/ViewBridge.framework/Versions/A/ViewBridge
0x00007fff2ba24000 	/System/Library/PrivateFrameworks/login.framework/Versions/A/login
0x00007fff6cdb0000 	/System/Library/Frameworks/OpenGL.framework/Versions/A/Resources/GLEngine.bundle/GLEngine
0x00007fff6cc10000 	/System/Library/Frameworks/OpenGL.framework/Versions/A/Libraries/libGLProgrammability.dylib
0x00000001397ca000 	/System/Library/Extensions/AppleMetalOpenGLRenderer.bundle/Contents/MacOS/AppleMetalOpenGLRenderer
0x00007fff6cf2c000 	/System/Library/Frameworks/OpenGL.framework/Versions/A/Resources/GLRendererFloat.bundle/GLRendererFloat
0x000000013991f000 	/System/Library/Extensions/AGXMetal13_3.bundle/Contents/MacOS/AGXMetal13_3
0x00007fff38a69000 	/System/Library/PrivateFrameworks/IOGPU.framework/Versions/A/IOGPU
0x00007fff6a709000 	/System/Library/PrivateFrameworks/GPUCompiler.framework/Versions/31001/Libraries/libmetal_timestamp.dylib
0x000000013af12000 	/Users/johnpantrakis/.p2/pool/plugins/org.eclipse.justj.openjdk.hotspot.jre.full.macosx.x86_64_15.0.2.v20210201-0955/jre/lib/libosxui.dylib
0x00007fff7044f000 	/System/Library/PrivateFrameworks/AccessibilityBundles.framework/Versions/A/AccessibilityBundles


VM Arguments:
jvm_args: -Dfile.encoding=UTF-8 -XX:+ShowCodeDetailsInExceptionMessages 
java_command: app.TicTacToe
java_class_path (initial): /Users/johnpantrakis/git/project/TucTacToe/bin:/Users/johnpantrakis/.p2/pool/plugins/org.junit.jupiter.api_5.7.0.v20201026-1537.jar:/Users/johnpantrakis/.p2/pool/plugins/org.junit.jupiter.engine_5.7.0.v20201026-1537.jar:/Users/johnpantrakis/.p2/pool/plugins/org.junit.jupiter.migrationsupport_5.7.0.v20201026-1537.jar:/Users/johnpantrakis/.p2/pool/plugins/org.junit.jupiter.params_5.7.0.v20201026-1537.jar:/Users/johnpantrakis/.p2/pool/plugins/org.junit.platform.commons_1.7.0.v20201026-1537.jar:/Users/johnpantrakis/.p2/pool/plugins/org.junit.platform.engine_1.7.0.v20201026-1537.jar:/Users/johnpantrakis/.p2/pool/plugins/org.junit.platform.launcher_1.7.0.v20201026-1537.jar:/Users/johnpantrakis/.p2/pool/plugins/org.junit.platform.runner_1.7.0.v20201026-1537.jar:/Users/johnpantrakis/.p2/pool/plugins/org.junit.platform.suite.api_1.7.0.v20201026-1537.jar:/Users/johnpantrakis/.p2/pool/plugins/org.junit.vintage.engine_5.7.0.v20201026-1537.jar:/Users/johnpantrakis/.p2/pool/plugins/org.opentest4j_1.2.0.v20190826-0900.jar:/Users/johnpantrakis/.p2/pool/plugins/org.apiguardian_1.1.0.v20190826-0900.jar:/Users/johnpantrakis/.p2/pool/plugins/org.junit_4.13.0.v20200204-1500.jar:/Users/johnpantrakis/.p2/pool/plugins/org.hamcrest.core_1.3.0.v20180420-1519.jar
Launcher Type: SUN_STANDARD

[Global flags]
     intx CICompilerCount                          = 4                                         {product} {ergonomic}
     uint ConcGCThreads                            = 2                                         {product} {ergonomic}
     uint G1ConcRefinementThreads                  = 8                                         {product} {ergonomic}
   size_t G1HeapRegionSize                         = 2097152                                   {product} {ergonomic}
    uintx GCDrainStackTargetSize                   = 64                                        {product} {ergonomic}
   size_t InitialHeapSize                          = 268435456                                 {product} {ergonomic}
   size_t MarkStackSize                            = 4194304                                   {product} {ergonomic}
   size_t MaxHeapSize                              = 4294967296                                {product} {ergonomic}
   size_t MaxNewSize                               = 2575302656                                {product} {ergonomic}
   size_t MinHeapDeltaBytes                        = 2097152                                   {product} {ergonomic}
   size_t MinHeapSize                              = 8388608                                   {product} {ergonomic}
    uintx NonNMethodCodeHeapSize                   = 5839372                                {pd product} {ergonomic}
    uintx NonProfiledCodeHeapSize                  = 122909434                              {pd product} {ergonomic}
    uintx ProfiledCodeHeapSize                     = 122909434                              {pd product} {ergonomic}
    uintx ReservedCodeCacheSize                    = 251658240                              {pd product} {ergonomic}
     bool SegmentedCodeCache                       = true                                      {product} {ergonomic}
     bool ShowCodeDetailsInExceptionMessages       = true                                   {manageable} {command line}
   size_t SoftMaxHeapSize                          = 4294967296                             {manageable} {ergonomic}
     bool UseCompressedClassPointers               = true                                 {lp64_product} {ergonomic}
     bool UseCompressedOops                        = true                                 {lp64_product} {ergonomic}
     bool UseG1GC                                  = true                                      {product} {ergonomic}
     bool UseNUMA                                  = false                                     {product} {ergonomic}
     bool UseNUMAInterleaving                      = false                                     {product} {ergonomic}

Logging:
Log output configuration:
 #0: stdout all=warning uptime,level,tags
 #1: stderr all=off uptime,level,tags

Environment Variables:
PATH=/usr/bin:/bin:/usr/sbin:/sbin
SHELL=/bin/zsh

Signal Handlers:
SIGSEGV: [libjvm.dylib+0xa01020], sa_mask[0]=11111111111111111111111111111111, sa_flags=SA_ONSTACK|SA_RESTART|SA_SIGINFO
SIGBUS: [libjvm.dylib+0xa01020], sa_mask[0]=11111111111111111111111111111111, sa_flags=SA_RESTART|SA_SIGINFO
SIGFPE: [libjvm.dylib+0xa01020], sa_mask[0]=11111111111111111111111111111111, sa_flags=SA_RESTART|SA_SIGINFO
SIGPIPE: [libjvm.dylib+0x82c500], sa_mask[0]=11111111111111111111111111111111, sa_flags=SA_RESTART|SA_SIGINFO
SIGXFSZ: [libjvm.dylib+0x82c500], sa_mask[0]=11111111111111111111111111111111, sa_flags=SA_RESTART|SA_SIGINFO
SIGILL: [libjvm.dylib+0xa01020], sa_mask[0]=11111111111111111111111111111111, sa_flags=SA_RESTART|SA_SIGINFO
SIGUSR2: [libjvm.dylib+0x82d010], sa_mask[0]=00100000000000000000000000000000, sa_flags=SA_RESTART|SA_SIGINFO
SIGHUP: [libjvm.dylib+0x82b710], sa_mask[0]=11111111111111111111111111111111, sa_flags=SA_RESTART|SA_SIGINFO
SIGINT: [libjvm.dylib+0x82b710], sa_mask[0]=11111111111111111111111111111111, sa_flags=SA_RESTART|SA_SIGINFO
SIGTERM: [libjvm.dylib+0x82b710], sa_mask[0]=11111111111111111111111111111111, sa_flags=SA_RESTART|SA_SIGINFO
SIGQUIT: [libjvm.dylib+0x82b710], sa_mask[0]=11111111111111111111111111111111, sa_flags=SA_RESTART|SA_SIGINFO


---------------  S Y S T E M  ---------------

OS:uname: Darwin 20.3.0 Darwin Kernel Version 20.3.0: Thu Jan 21 00:06:51 PST 2021; root:xnu-7195.81.3~1/RELEASE_ARM64_T8101 x86_64
OS uptime: 0 days 19:44 hours
rlimit (soft/hard): STACK 8176k/65520k , CORE 0k/infinity , NPROC 2666/4000 , NOFILE 10240/infinity , AS infinity/infinity , CPU infinity/infinity , DATA infinity/infinity , FSIZE infinity/infinity , MEMLOCK infinity/infinity , RSS infinity/infinity
load average: 1.92 1.64 1.56

CPU: total 8 (initial active 8) (1 cores per cpu, 1 threads per core) family 6 model 44 stepping 0 microcode 0x0, cmov, cx8, fxsr, mmx, sse, sse2, sse3, ssse3, sse4.1, sse4.2, popcnt, aes, clmul, tsc, tscinvbit, tscinv, clflush

Memory: 4k page, physical 16777216k(60492k free), swap 1048576k(985600k free)

vm_info: OpenJDK 64-Bit Server VM (15.0.2+7-27) for bsd-amd64 JRE (15.0.2+7-27), built on Dec  7 2020 20:01:12 by "mach5one" with clang 4.2.1 Compatible Apple LLVM 10.0.0 (clang-1000.11.45.5)

END.
